2019-06-11 16:49:56.189  INFO 7356 --- [  restartedMain] c.t.f.FeedAggregatorApplication          : Starting FeedAggregatorApplication on rpc with PID 7356 (J:\projects\java\feed-aggregator\target\classes started by root in J:\projects\java\feed-aggregator)
2019-06-11 16:49:56.199  INFO 7356 --- [  restartedMain] c.t.f.FeedAggregatorApplication          : No active profile set, falling back to default profiles: default
2019-06-11 16:49:56.277  INFO 7356 --- [  restartedMain] .e.DevToolsPropertyDefaultsPostProcessor : Devtools property defaults active! Set 'spring.devtools.add-properties' to 'false' to disable
2019-06-11 16:49:56.277  INFO 7356 --- [  restartedMain] .e.DevToolsPropertyDefaultsPostProcessor : For additional web related logging consider setting the 'logging.level.web' property to 'DEBUG'
2019-06-11 16:49:57.245  INFO 7356 --- [  restartedMain] .s.d.r.c.RepositoryConfigurationDelegate : Bootstrapping Spring Data repositories in DEFAULT mode.
2019-06-11 16:49:57.352  INFO 7356 --- [  restartedMain] .s.d.r.c.RepositoryConfigurationDelegate : Finished Spring Data repository scanning in 100ms. Found 1 repository interfaces.
2019-06-11 16:49:57.669  INFO 7356 --- [  restartedMain] faultConfiguringBeanFactoryPostProcessor : No bean named 'errorChannel' has been explicitly defined. Therefore, a default PublishSubscribeChannel will be created.
2019-06-11 16:49:57.669  INFO 7356 --- [  restartedMain] faultConfiguringBeanFactoryPostProcessor : No bean named 'integrationHeaderChannelRegistry' has been explicitly defined. Therefore, a default DefaultHeaderChannelRegistry will be created.
2019-06-11 16:49:57.769  INFO 7356 --- [  restartedMain] trationDelegate$BeanPostProcessorChecker : Bean 'org.springframework.transaction.annotation.ProxyTransactionManagementConfiguration' of type [org.springframework.transaction.annotation.ProxyTransactionManagementConfiguration$$EnhancerBySpringCGLIB$$1a7805db] is not eligible for getting processed by all BeanPostProcessors (for example: not eligible for auto-proxying)
2019-06-11 16:49:57.800  INFO 7356 --- [  restartedMain] trationDelegate$BeanPostProcessorChecker : Bean 'integrationDisposableAutoCreatedBeans' of type [org.springframework.integration.config.annotation.Disposables] is not eligible for getting processed by all BeanPostProcessors (for example: not eligible for auto-proxying)
2019-06-11 16:49:57.816  INFO 7356 --- [  restartedMain] trationDelegate$BeanPostProcessorChecker : Bean 'org.springframework.integration.config.IntegrationManagementConfiguration' of type [org.springframework.integration.config.IntegrationManagementConfiguration$$EnhancerBySpringCGLIB$$8569c10a] is not eligible for getting processed by all BeanPostProcessors (for example: not eligible for auto-proxying)
2019-06-11 16:49:58.251  INFO 7356 --- [  restartedMain] o.s.b.w.embedded.tomcat.TomcatWebServer  : Tomcat initialized with port(s): 8080 (http)
2019-06-11 16:49:58.270  INFO 7356 --- [  restartedMain] o.apache.catalina.core.StandardService   : Starting service [Tomcat]
2019-06-11 16:49:58.270  INFO 7356 --- [  restartedMain] org.apache.catalina.core.StandardEngine  : Starting Servlet engine: [Apache Tomcat/9.0.17]
2019-06-11 16:49:58.386  INFO 7356 --- [  restartedMain] o.a.c.c.C.[Tomcat].[localhost].[/]       : Initializing Spring embedded WebApplicationContext
2019-06-11 16:49:58.386  INFO 7356 --- [  restartedMain] o.s.web.context.ContextLoader            : Root WebApplicationContext: initialization completed in 2109 ms
2019-06-11 16:49:58.533  INFO 7356 --- [  restartedMain] com.zaxxer.hikari.HikariDataSource       : HikariPool-1 - Starting...
2019-06-11 16:49:58.671  INFO 7356 --- [  restartedMain] com.zaxxer.hikari.HikariDataSource       : HikariPool-1 - Start completed.
2019-06-11 16:49:58.787  INFO 7356 --- [  restartedMain] org.hibernate.Version                    : HHH000412: Hibernate Core {5.3.9.Final}
2019-06-11 16:49:58.787  INFO 7356 --- [  restartedMain] org.hibernate.cfg.Environment            : HHH000206: hibernate.properties not found
2019-06-11 16:49:58.903  INFO 7356 --- [  restartedMain] o.hibernate.annotations.common.Version   : HCANN000001: Hibernate Commons Annotations {5.0.4.Final}
2019-06-11 16:49:59.018  INFO 7356 --- [  restartedMain] org.hibernate.dialect.Dialect            : HHH000400: Using dialect: org.hibernate.dialect.H2Dialect
2019-06-11 16:49:59.535  INFO 7356 --- [  restartedMain] o.h.t.schema.internal.SchemaCreatorImpl  : HHH000476: Executing import script 'org.hibernate.tool.schema.internal.exec.ScriptSourceInputNonExistentImpl@76f83abe'
2019-06-11 16:49:59.551  INFO 7356 --- [  restartedMain] j.LocalContainerEntityManagerFactoryBean : Initialized JPA EntityManagerFactory for persistence unit 'default'
2019-06-11 16:49:59.557  INFO 7356 --- [  restartedMain] o.s.b.d.a.OptionalLiveReloadServer       : LiveReload server is running on port 35729
2019-06-11 16:49:59.773  INFO 7356 --- [  restartedMain] o.s.i.endpoint.EventDrivenConsumer       : Adding {bridge} as a subscriber to the 'org.springframework.integration.dsl.StandardIntegrationFlow#0.channel#1' channel
2019-06-11 16:49:59.773  INFO 7356 --- [  restartedMain] o.s.integration.channel.DirectChannel    : Channel 'application.org.springframework.integration.dsl.StandardIntegrationFlow#0.channel#1' has 1 subscriber(s).
2019-06-11 16:49:59.773  INFO 7356 --- [  restartedMain] o.s.i.endpoint.EventDrivenConsumer       : started org.springframework.integration.dsl.StandardIntegrationFlow#0.org.springframework.integration.config.ConsumerEndpointFactoryBean#0
2019-06-11 16:49:59.789  INFO 7356 --- [  restartedMain] o.s.s.c.ThreadPoolTaskScheduler          : Initializing ExecutorService 'taskScheduler'
2019-06-11 16:49:59.789  INFO 7356 --- [  restartedMain] o.s.i.e.SourcePollingChannelAdapter      : started org.springframework.integration.dsl.StandardIntegrationFlow#0.org.springframework.integration.config.SourcePollingChannelAdapterFactoryBean#0
2019-06-11 16:49:59.804  INFO 7356 --- [  restartedMain] o.s.i.endpoint.EventDrivenConsumer       : Adding {bridge} as a subscriber to the 'org.springframework.integration.dsl.StandardIntegrationFlow#1.channel#1' channel
2019-06-11 16:49:59.804  INFO 7356 --- [  restartedMain] o.s.integration.channel.DirectChannel    : Channel 'application.org.springframework.integration.dsl.StandardIntegrationFlow#1.channel#1' has 1 subscriber(s).
2019-06-11 16:49:59.804  INFO 7356 --- [  restartedMain] o.s.i.endpoint.EventDrivenConsumer       : started org.springframework.integration.dsl.StandardIntegrationFlow#1.org.springframework.integration.config.ConsumerEndpointFactoryBean#0
2019-06-11 16:49:59.804  INFO 7356 --- [  restartedMain] o.s.i.e.SourcePollingChannelAdapter      : started org.springframework.integration.dsl.StandardIntegrationFlow#1.org.springframework.integration.config.SourcePollingChannelAdapterFactoryBean#0
2019-06-11 16:50:00.382  INFO 7356 --- [  restartedMain] o.s.s.concurrent.ThreadPoolTaskExecutor  : Initializing ExecutorService 'applicationTaskExecutor'
2019-06-11 16:50:00.442  WARN 7356 --- [  restartedMain] aWebConfiguration$JpaWebMvcConfiguration : spring.jpa.open-in-view is enabled by default. Therefore, database queries may be performed during view rendering. Explicitly configure spring.jpa.open-in-view to disable this warning
2019-06-11 16:50:00.601  INFO 7356 --- [  restartedMain] o.s.b.a.w.s.WelcomePageHandlerMapping    : Adding welcome page template: index
2019-06-11 16:50:00.742  INFO 7356 --- [  restartedMain] o.s.j.e.a.AnnotationMBeanExporter        : Bean with key 'metadataStore' has been registered as an MBean but has no exposed attributes or operations
2019-06-11 16:50:00.772  INFO 7356 --- [  restartedMain] o.s.i.endpoint.EventDrivenConsumer       : Adding {logging-channel-adapter:_org.springframework.integration.errorLogger} as a subscriber to the 'errorChannel' channel
2019-06-11 16:50:00.772  INFO 7356 --- [  restartedMain] o.s.i.channel.PublishSubscribeChannel    : Channel 'application.errorChannel' has 1 subscriber(s).
2019-06-11 16:50:00.772  INFO 7356 --- [  restartedMain] o.s.i.endpoint.EventDrivenConsumer       : started _org.springframework.integration.errorLogger
2019-06-11 16:50:00.772  INFO 7356 --- [  restartedMain] o.s.i.endpoint.EventDrivenConsumer       : Adding {transformer} as a subscriber to the 'feedEntriesChannel' channel
2019-06-11 16:50:00.772  INFO 7356 --- [  restartedMain] o.s.i.channel.PublishSubscribeChannel    : Channel 'application.feedEntriesChannel' has 1 subscriber(s).
2019-06-11 16:50:00.772  INFO 7356 --- [  restartedMain] o.s.i.endpoint.EventDrivenConsumer       : started outputToDatabaseFlow.org.springframework.integration.config.ConsumerEndpointFactoryBean#0
2019-06-11 16:50:00.772  INFO 7356 --- [  restartedMain] o.s.i.endpoint.EventDrivenConsumer       : Adding {jpa:outbound-gateway} as a subscriber to the 'outputToDatabaseFlow.channel#1' channel
2019-06-11 16:50:00.772  INFO 7356 --- [  restartedMain] o.s.integration.channel.DirectChannel    : Channel 'application.outputToDatabaseFlow.channel#1' has 1 subscriber(s).
2019-06-11 16:50:00.772  INFO 7356 --- [  restartedMain] o.s.i.endpoint.EventDrivenConsumer       : started outputToDatabaseFlow.org.springframework.integration.config.ConsumerEndpointFactoryBean#1
2019-06-11 16:50:00.804  INFO 7356 --- [   scheduling-1] o.s.integration.handler.LoggingHandler   : Persisting entry: FeedEntry(title=Employees sour on Tesla amid cost-cutting, layoffs, uri=https://www.reuters.com/article/us-tesla-workers/employees-sour-on-tesla-amid-cost-cutting-layoffs-idUSKCN1TB1AJ?feedType=RSS&feedName=technologyNews, publishedDate=Mon Jun 10 20:44:43 YEKT 2019)
2019-06-11 16:50:00.822  INFO 7356 --- [  restartedMain] o.s.b.w.embedded.tomcat.TomcatWebServer  : Tomcat started on port(s): 8080 (http) with context path ''
2019-06-11 16:50:00.832  INFO 7356 --- [  restartedMain] c.t.f.FeedAggregatorApplication          : Started FeedAggregatorApplication in 5.156 seconds (JVM running for 5.735)
2019-06-11 16:50:00.882  INFO 7356 --- [   scheduling-1] o.s.integration.handler.LoggingHandler   : Persisting entry: FeedEntry(title=Brexit chaos holding back UK tech sector: London mayor, uri=https://www.reuters.com/article/us-britain-tech-londonmayor/brexit-chaos-holding-back-uk-tech-sector-london-mayor-idUSKCN1TA0W3?feedType=RSS&feedName=technologyNews, publishedDate=Mon Jun 10 21:02:15 YEKT 2019)
2019-06-11 16:50:00.884  INFO 7356 --- [   scheduling-1] o.s.integration.handler.LoggingHandler   : Persisting entry: FeedEntry(title=Exclusive: Some big tech firms cut employees' access to Huawei, muddying 5G rollout, uri=https://www.reuters.com/article/us-usa-trade-china-huawei-exclusive/exclusive-some-big-tech-firms-cut-employees-access-to-huawei-muddying-5g-rollout-idUSKCN1TB0XH?feedType=RSS&feedName=technologyNews, publishedDate=Mon Jun 10 23:32:13 YEKT 2019)
2019-06-11 16:50:00.884  INFO 7356 --- [   scheduling-1] o.s.integration.handler.LoggingHandler   : Persisting entry: FeedEntry(title=Supreme Court to hear Comcast appeal in Byron Allen racial bias suit, uri=https://www.reuters.com/article/us-usa-court-comcast/supreme-court-to-hear-comcast-appeal-in-byron-allen-racial-bias-suit-idUSKCN1TB1QR?feedType=RSS&feedName=technologyNews, publishedDate=Tue Jun 11 00:11:54 YEKT 2019)
2019-06-11 16:50:00.884  INFO 7356 --- [   scheduling-1] o.s.integration.handler.LoggingHandler   : Persisting entry: FeedEntry(title=More U.S. millennials subscribe to video games than traditional pay TV: survey, uri=https://www.reuters.com/article/us-usa-videogames-television/more-u-s-millennials-subscribe-to-video-games-than-traditional-pay-tv-survey-idUSKCN1TB2CB?feedType=RSS&feedName=technologyNews, publishedDate=Tue Jun 11 01:57:43 YEKT 2019)
2019-06-11 16:50:00.884  INFO 7356 --- [   scheduling-1] o.s.integration.handler.LoggingHandler   : Persisting entry: FeedEntry(title=Uber's European rival Bolt enters London market, again, uri=https://www.reuters.com/article/us-bolt-london/ubers-european-rival-bolt-enters-london-market-again-idUSKCN1TC004?feedType=RSS&feedName=technologyNews, publishedDate=Tue Jun 11 05:02:59 YEKT 2019)
2019-06-11 16:50:00.884  INFO 7356 --- [   scheduling-1] o.s.integration.handler.LoggingHandler   : Persisting entry: FeedEntry(title=Facebook to unveil new versions of Portal video chat devices this autumn, uri=https://www.reuters.com/article/us-facebook-portal-devices/facebook-to-unveil-new-versions-of-portal-video-chat-devices-this-autumn-idUSKCN1TC02H?feedType=RSS&feedName=technologyNews, publishedDate=Tue Jun 11 06:51:34 YEKT 2019)
2019-06-11 16:50:00.892  INFO 7356 --- [   scheduling-1] o.s.integration.handler.LoggingHandler   : Persisting entry: FeedEntry(title=Citi launches co-branded credit cards with SE Asia's Grab in push for more customers, uri=https://www.reuters.com/article/us-citigroup-asia-grab/citi-launches-co-branded-credit-cards-with-se-asias-grab-in-push-for-more-customers-idUSKCN1TC083?feedType=RSS&feedName=technologyNews, publishedDate=Tue Jun 11 08:02:34 YEKT 2019)
2019-06-11 16:50:00.892  INFO 7356 --- [   scheduling-1] o.s.integration.handler.LoggingHandler   : Persisting entry: FeedEntry(title=Huawei executive says goal to be world's top phone maker some time off, uri=https://www.reuters.com/article/us-huawei-tech-usa/huawei-executive-says-goal-to-be-worlds-top-phone-maker-some-time-off-idUSKCN1TC06L?feedType=RSS&feedName=technologyNews, publishedDate=Tue Jun 11 08:12:56 YEKT 2019)
2019-06-11 16:50:00.892  INFO 7356 --- [   scheduling-1] o.s.integration.handler.LoggingHandler   : Persisting entry: FeedEntry(title=Amazon embraces U.S. government business, despite occasional controversy, uri=https://www.reuters.com/article/us-amazon-com-facial-recognition/amazon-embraces-u-s-government-business-despite-occasional-controversy-idUSKCN1TC09D?feedType=RSS&feedName=technologyNews, publishedDate=Tue Jun 11 10:10:06 YEKT 2019)
2019-06-11 16:50:00.892 ERROR 7356 --- [   scheduling-1] c.t.f.FeedAggregatorApplication          : java.lang.IllegalStateException: mydeszikqwjsqpgrkyqe
2019-06-11 16:50:00.892 ERROR 7356 --- [   scheduling-1] c.t.f.FeedAggregatorApplication          : java.lang.IllegalStateException: kvvidmsnkffhjpcwvvxi
2019-06-11 16:50:01.003 ERROR 7356 --- [   scheduling-1] c.t.f.FeedAggregatorApplication          : java.lang.RuntimeException: uxfmgbmbevorlycxexrg
2019-06-11 16:50:01.083 ERROR 7356 --- [   scheduling-1] c.t.f.FeedAggregatorApplication          : java.lang.RuntimeException: vpyzpiexjecnztqunatt
2019-06-11 16:50:01.195 ERROR 7356 --- [   scheduling-1] c.t.f.FeedAggregatorApplication          : java.lang.IllegalStateException: pkllervdzgtbicjipbvn
2019-06-11 16:50:01.296 ERROR 7356 --- [   scheduling-1] c.t.f.FeedAggregatorApplication          : java.lang.IllegalStateException: mvpesvwlqdcrwporlzpi
2019-06-11 16:50:01.396 ERROR 7356 --- [   scheduling-1] c.t.f.FeedAggregatorApplication          : java.lang.IllegalArgumentException: khwwddfojmpmoticmyns
2019-06-11 16:50:01.496 ERROR 7356 --- [   scheduling-1] c.t.f.FeedAggregatorApplication          : java.lang.IllegalStateException: tzabctudxrbegskznkac
2019-06-11 16:50:01.596 ERROR 7356 --- [   scheduling-1] c.t.f.FeedAggregatorApplication          : java.lang.IllegalStateException: bmkbnkohmmpnvbizqgmm
2019-06-11 16:50:01.697 ERROR 7356 --- [   scheduling-1] c.t.f.FeedAggregatorApplication          : java.lang.IllegalStateException: tbreoolfgpfjgwvhwnyv
2019-06-11 16:50:01.797 ERROR 7356 --- [   scheduling-1] c.t.f.FeedAggregatorApplication          : java.lang.RuntimeException: oatxbkathzuvvbkkzrvm
2019-06-11 16:50:01.897 ERROR 7356 --- [   scheduling-1] c.t.f.FeedAggregatorApplication          : java.lang.IllegalStateException: dmhozwgyzpwqfvzeczzf
2019-06-11 16:50:01.997 ERROR 7356 --- [   scheduling-1] c.t.f.FeedAggregatorApplication          : java.lang.IllegalStateException: conywyobumwhhnjjbxbc
2019-06-11 16:50:02.098 ERROR 7356 --- [   scheduling-1] c.t.f.FeedAggregatorApplication          : java.lang.IllegalStateException: fytplvmcvoicxnniowff
2019-06-11 16:50:02.184 ERROR 7356 --- [   scheduling-1] c.t.f.FeedAggregatorApplication          : java.lang.IllegalStateException: pmrlznaqvcrqztgopcbj
2019-06-11 16:50:02.298 ERROR 7356 --- [   scheduling-1] c.t.f.FeedAggregatorApplication          : java.lang.RuntimeException: qybfjixmsdvozjiohblf
2019-06-11 16:50:02.399 ERROR 7356 --- [   scheduling-1] c.t.f.FeedAggregatorApplication          : java.lang.RuntimeException: nisgtwtkjunvjemxhzzr
2019-06-11 16:50:02.499 ERROR 7356 --- [   scheduling-1] c.t.f.FeedAggregatorApplication          : java.lang.IllegalStateException: rpnfsxifnkkrxthwlyxs
2019-06-11 16:50:02.583 ERROR 7356 --- [   scheduling-1] c.t.f.FeedAggregatorApplication          : java.lang.RuntimeException: sovhyvaqabvhtmwlkhhz
2019-06-11 16:50:02.684 ERROR 7356 --- [   scheduling-1] c.t.f.FeedAggregatorApplication          : java.lang.IllegalStateException: ehyaxbzvkwfakoctutum
2019-06-11 16:50:02.784 ERROR 7356 --- [   scheduling-1] c.t.f.FeedAggregatorApplication          : java.lang.IllegalArgumentException: gfqnuxurxwmrghjqokvi
2019-06-11 16:50:02.884 ERROR 7356 --- [   scheduling-1] c.t.f.FeedAggregatorApplication          : java.lang.IllegalStateException: hqoutjlcpqxsktfnebxm
2019-06-11 16:50:02.985 ERROR 7356 --- [   scheduling-1] c.t.f.FeedAggregatorApplication          : java.lang.IllegalStateException: cnokgkcawflszperlkry
2019-06-11 16:50:03.085 ERROR 7356 --- [   scheduling-1] c.t.f.FeedAggregatorApplication          : java.lang.IllegalArgumentException: yvjfkgvpvikcivpebrqt
2019-06-11 16:50:03.185 ERROR 7356 --- [   scheduling-1] c.t.f.FeedAggregatorApplication          : java.lang.IllegalArgumentException: phwyahvjpctzwxnxeabg
2019-06-11 16:50:03.285 ERROR 7356 --- [   scheduling-1] c.t.f.FeedAggregatorApplication          : java.lang.IllegalStateException: hfdqtpmrztktnuegzzab
2019-06-11 16:50:03.386 ERROR 7356 --- [   scheduling-1] c.t.f.FeedAggregatorApplication          : java.lang.IllegalStateException: lzzvpqwrhlryjeoblhvz
2019-06-11 16:50:03.486 ERROR 7356 --- [   scheduling-1] c.t.f.FeedAggregatorApplication          : java.lang.RuntimeException: okkqslmnsgfzyrzspnlo
2019-06-11 16:50:03.586 ERROR 7356 --- [   scheduling-1] c.t.f.FeedAggregatorApplication          : java.lang.IllegalStateException: axbawleheuodshzvbnwn
2019-06-11 16:50:03.687 ERROR 7356 --- [   scheduling-1] c.t.f.FeedAggregatorApplication          : java.lang.IllegalStateException: zjnqtuhlplxqhmuitwil
2019-06-11 16:50:03.787 ERROR 7356 --- [   scheduling-1] c.t.f.FeedAggregatorApplication          : java.lang.RuntimeException: yacloibmnvbypgqaolrv
2019-06-11 16:50:03.887 ERROR 7356 --- [   scheduling-1] c.t.f.FeedAggregatorApplication          : java.lang.IllegalArgumentException: rpwbxapsqfzsniqnoeqs
2019-06-11 16:50:03.987 ERROR 7356 --- [   scheduling-1] c.t.f.FeedAggregatorApplication          : java.lang.IllegalArgumentException: lmksvypmstmvqhqmehdi
2019-06-11 16:50:04.088 ERROR 7356 --- [   scheduling-1] c.t.f.FeedAggregatorApplication          : java.lang.IllegalStateException: wbbeybmlyugemzdgpydr
2019-06-11 16:50:04.188 ERROR 7356 --- [   scheduling-1] c.t.f.FeedAggregatorApplication          : java.lang.RuntimeException: kuavxosagbwkqsfmqarm
2019-06-11 16:50:04.288 ERROR 7356 --- [   scheduling-1] c.t.f.FeedAggregatorApplication          : java.lang.IllegalArgumentException: injunwyytsewadzcvfxo
2019-06-11 16:50:04.388 ERROR 7356 --- [   scheduling-1] c.t.f.FeedAggregatorApplication          : java.lang.RuntimeException: jwuyvxiebskgruxfieri
2019-06-11 16:50:04.489 ERROR 7356 --- [   scheduling-1] c.t.f.FeedAggregatorApplication          : java.lang.RuntimeException: qfayilomlxyxlryuyewp
2019-06-11 16:50:04.589 ERROR 7356 --- [   scheduling-1] c.t.f.FeedAggregatorApplication          : java.lang.IllegalStateException: piuxzrcwxqafbnubdrxd
2019-06-11 16:50:04.689 ERROR 7356 --- [   scheduling-1] c.t.f.FeedAggregatorApplication          : java.lang.IllegalArgumentException: fkqgpfyumwzzcfvyjaru
2019-06-11 16:50:04.789 ERROR 7356 --- [   scheduling-1] c.t.f.FeedAggregatorApplication          : java.lang.IllegalArgumentException: xlbujhyginfzbpdvbdwa
2019-06-11 16:50:04.890 ERROR 7356 --- [   scheduling-1] c.t.f.FeedAggregatorApplication          : java.lang.RuntimeException: ycicchwbayuqpxuqsmhj
2019-06-11 16:50:04.990 ERROR 7356 --- [   scheduling-1] c.t.f.FeedAggregatorApplication          : java.lang.RuntimeException: jkiccvkaeskrwgnksljk
2019-06-11 16:50:05.090 ERROR 7356 --- [   scheduling-1] c.t.f.FeedAggregatorApplication          : java.lang.IllegalStateException: bqofavlswokmwktrajxb
2019-06-11 16:50:05.198 ERROR 7356 --- [   scheduling-1] c.t.f.FeedAggregatorApplication          : java.lang.RuntimeException: gmqaahujmndtkzxqxxgn
2019-06-11 16:50:05.290 ERROR 7356 --- [   scheduling-1] c.t.f.FeedAggregatorApplication          : java.lang.RuntimeException: aeuiisapmsuvtpqrrfjh
2019-06-11 16:50:05.391 ERROR 7356 --- [   scheduling-1] c.t.f.FeedAggregatorApplication          : java.lang.RuntimeException: keosrfwzpfrpgcgavmqx
2019-06-11 16:50:05.491 ERROR 7356 --- [   scheduling-1] c.t.f.FeedAggregatorApplication          : java.lang.IllegalStateException: appupphupruzzgvmkjmd
2019-06-11 16:50:05.591 ERROR 7356 --- [   scheduling-1] c.t.f.FeedAggregatorApplication          : java.lang.RuntimeException: crukzleljawnevthytqf
2019-06-11 16:50:05.692 ERROR 7356 --- [   scheduling-1] c.t.f.FeedAggregatorApplication          : java.lang.RuntimeException: qmlwqnuqqatpunptyyct
2019-06-11 16:50:05.792 ERROR 7356 --- [   scheduling-1] c.t.f.FeedAggregatorApplication          : java.lang.IllegalArgumentException: yxevrstjmaadhfycyxqb
2019-06-11 16:50:05.892 ERROR 7356 --- [   scheduling-1] c.t.f.FeedAggregatorApplication          : java.lang.IllegalStateException: oavphaznefhmpqfijgae
2019-06-11 16:50:05.992 ERROR 7356 --- [   scheduling-1] c.t.f.FeedAggregatorApplication          : java.lang.IllegalStateException: weiyikgwtnvdmpzgxkpu
2019-06-11 16:50:06.092 ERROR 7356 --- [   scheduling-1] c.t.f.FeedAggregatorApplication          : java.lang.IllegalStateException: ruhiptrvqkgblumwhefq
2019-06-11 16:50:06.192 ERROR 7356 --- [   scheduling-1] c.t.f.FeedAggregatorApplication          : java.lang.IllegalArgumentException: oykfkgsmbcycnteqbnmg
2019-06-11 16:50:06.293 ERROR 7356 --- [   scheduling-1] c.t.f.FeedAggregatorApplication          : java.lang.RuntimeException: foukrqqqydpepbbffjjf
2019-06-11 16:50:06.393 ERROR 7356 --- [   scheduling-1] c.t.f.FeedAggregatorApplication          : java.lang.IllegalStateException: zwghemwuywjmzuobydiy
2019-06-11 16:50:06.493 ERROR 7356 --- [   scheduling-1] c.t.f.FeedAggregatorApplication          : java.lang.IllegalStateException: ifoqjldxbnoaiqdynprt
2019-06-11 16:50:06.594 ERROR 7356 --- [   scheduling-1] c.t.f.FeedAggregatorApplication          : java.lang.IllegalStateException: uahduetotoubycpqtdfm
2019-06-11 16:50:06.694 ERROR 7356 --- [   scheduling-1] c.t.f.FeedAggregatorApplication          : java.lang.RuntimeException: imniskgyfjbncgimfkab
2019-06-11 16:50:06.794 ERROR 7356 --- [   scheduling-1] c.t.f.FeedAggregatorApplication          : java.lang.IllegalStateException: oioqbviyzvgerabdeidn
2019-06-11 16:50:06.894 ERROR 7356 --- [   scheduling-1] c.t.f.FeedAggregatorApplication          : java.lang.RuntimeException: jxobochdyxrjzlqhoyuo
2019-06-11 16:50:06.995 ERROR 7356 --- [   scheduling-1] c.t.f.FeedAggregatorApplication          : java.lang.RuntimeException: zhqniysgzmgpmbsrjhal
2019-06-11 16:50:07.095 ERROR 7356 --- [   scheduling-1] c.t.f.FeedAggregatorApplication          : java.lang.RuntimeException: elswqauxwfrizqkmktuk
2019-06-11 16:50:07.195 ERROR 7356 --- [   scheduling-1] c.t.f.FeedAggregatorApplication          : java.lang.RuntimeException: atyizjrbuszmlqamudhn
2019-06-11 16:50:07.285 ERROR 7356 --- [   scheduling-1] c.t.f.FeedAggregatorApplication          : java.lang.IllegalStateException: dtbshzydlnghlpydagun
2019-06-11 16:50:07.397 ERROR 7356 --- [   scheduling-1] c.t.f.FeedAggregatorApplication          : java.lang.RuntimeException: lffflqkngsbdhuunxnfy
2019-06-11 16:50:07.498 ERROR 7356 --- [   scheduling-1] c.t.f.FeedAggregatorApplication          : java.lang.IllegalStateException: ptekciozaqhefofsinac
2019-06-11 16:50:07.598 ERROR 7356 --- [   scheduling-1] c.t.f.FeedAggregatorApplication          : java.lang.IllegalStateException: cgcaehxlsjrcvgmuabdg
2019-06-11 16:50:07.698 ERROR 7356 --- [   scheduling-1] c.t.f.FeedAggregatorApplication          : java.lang.IllegalStateException: pytrzbrfwthxybzotmaf
2019-06-11 16:50:07.799 ERROR 7356 --- [   scheduling-1] c.t.f.FeedAggregatorApplication          : java.lang.RuntimeException: ijqkxiayvlymmeocxdnz
2019-06-11 16:50:07.899 ERROR 7356 --- [   scheduling-1] c.t.f.FeedAggregatorApplication          : java.lang.IllegalStateException: lexjkfampirbgelhvlak
2019-06-11 16:50:07.983 ERROR 7356 --- [   scheduling-1] c.t.f.FeedAggregatorApplication          : java.lang.IllegalStateException: sgjxzzcieiqfxhnxqxom
2019-06-11 16:50:08.099 ERROR 7356 --- [   scheduling-1] c.t.f.FeedAggregatorApplication          : java.lang.IllegalStateException: bprrafzzqvhiblaexhsv
2019-06-11 16:50:08.199 ERROR 7356 --- [   scheduling-1] c.t.f.FeedAggregatorApplication          : java.lang.RuntimeException: iawyacxxlspxtzvvwvtj
2019-06-11 16:50:08.300 ERROR 7356 --- [   scheduling-1] c.t.f.FeedAggregatorApplication          : java.lang.RuntimeException: fguflsghfjfpiihjrazp
2019-06-11 16:50:08.400 ERROR 7356 --- [   scheduling-1] c.t.f.FeedAggregatorApplication          : java.lang.IllegalStateException: dttplfxbhprmewqskgiq
2019-06-11 16:50:08.500 ERROR 7356 --- [   scheduling-1] c.t.f.FeedAggregatorApplication          : java.lang.RuntimeException: uhhrytyummozhnzlasad
2019-06-11 16:50:08.601 ERROR 7356 --- [   scheduling-1] c.t.f.FeedAggregatorApplication          : java.lang.RuntimeException: joljffoiskciyhfzfuil
2019-06-11 16:50:08.701 ERROR 7356 --- [   scheduling-1] c.t.f.FeedAggregatorApplication          : java.lang.RuntimeException: vtaeawruwwopwjafowde
2019-06-11 16:50:08.801 ERROR 7356 --- [   scheduling-1] c.t.f.FeedAggregatorApplication          : java.lang.IllegalArgumentException: lkecjscunqfnhuoxzkpz
2019-06-11 16:50:08.901 ERROR 7356 --- [   scheduling-1] c.t.f.FeedAggregatorApplication          : java.lang.IllegalStateException: iubrsipquiqiiiospmkm
2019-06-11 16:50:09.002 ERROR 7356 --- [   scheduling-1] c.t.f.FeedAggregatorApplication          : java.lang.IllegalStateException: beugjpeijtdqaxipzhtv
2019-06-11 16:50:09.102 ERROR 7356 --- [   scheduling-1] c.t.f.FeedAggregatorApplication          : java.lang.RuntimeException: yrgwmfprjtradrjxpgbz
2019-06-11 16:50:09.183 ERROR 7356 --- [   scheduling-1] c.t.f.FeedAggregatorApplication          : java.lang.IllegalStateException: evjitpyhjzllmungskcm
2019-06-11 16:50:09.302 ERROR 7356 --- [   scheduling-1] c.t.f.FeedAggregatorApplication          : java.lang.IllegalStateException: uuhegdzgawvorymvgjhy
2019-06-11 16:50:09.403 ERROR 7356 --- [   scheduling-1] c.t.f.FeedAggregatorApplication          : java.lang.RuntimeException: psxlghbobrsxezmyurcd
2019-06-11 16:50:09.503 ERROR 7356 --- [   scheduling-1] c.t.f.FeedAggregatorApplication          : java.lang.RuntimeException: fdwrycscbljzfuilxuyr
2019-06-11 16:50:09.603 ERROR 7356 --- [   scheduling-1] c.t.f.FeedAggregatorApplication          : java.lang.IllegalStateException: lleyfxwhxiqmvwafkmmd
2019-06-11 16:50:09.703 ERROR 7356 --- [   scheduling-1] c.t.f.FeedAggregatorApplication          : java.lang.IllegalStateException: lsdjlnlwjrlveacuooyd
2019-06-11 16:50:09.804 ERROR 7356 --- [   scheduling-1] c.t.f.FeedAggregatorApplication          : java.lang.RuntimeException: btvekczrdfeihskllgyu
2019-06-11 16:50:09.804  INFO 7356 --- [   scheduling-1] o.s.integration.handler.LoggingHandler   : Persisting entry: FeedEntry(title=Early humans used northern migration routes to reach eastern Asia, uri=https://www.sciencedaily.com/releases/2019/05/190529145054.htm, publishedDate=Wed May 29 23:50:54 YEKT 2019)
2019-06-11 16:50:09.804  INFO 7356 --- [   scheduling-1] o.s.integration.handler.LoggingHandler   : Persisting entry: FeedEntry(title=Declining fertility rates may explain Neanderthal extinction, uri=https://www.sciencedaily.com/releases/2019/05/190529145057.htm, publishedDate=Wed May 29 23:50:57 YEKT 2019)
2019-06-11 16:50:09.804  INFO 7356 --- [   scheduling-1] o.s.integration.handler.LoggingHandler   : Persisting entry: FeedEntry(title=Earth recycles ocean floor into diamonds, uri=https://www.sciencedaily.com/releases/2019/05/190529145104.htm, publishedDate=Wed May 29 23:51:04 YEKT 2019)
2019-06-11 16:50:09.804  INFO 7356 --- [   scheduling-1] o.s.integration.handler.LoggingHandler   : Persisting entry: FeedEntry(title=Birds perceive 'warm' colors differently from 'cool' ones, uri=https://www.sciencedaily.com/releases/2019/05/190529145109.htm, publishedDate=Wed May 29 23:51:09 YEKT 2019)
2019-06-11 16:50:09.804  INFO 7356 --- [   scheduling-1] o.s.integration.handler.LoggingHandler   : Persisting entry: FeedEntry(title=A rose inspires smart way to collect and purify water, uri=https://www.sciencedaily.com/releases/2019/05/190529145144.htm, publishedDate=Wed May 29 23:51:44 YEKT 2019)
2019-06-11 16:50:09.804  INFO 7356 --- [   scheduling-1] o.s.integration.handler.LoggingHandler   : Persisting entry: FeedEntry(title=Beyond 1 and 0: Engineers boost potential for creating successor to shrinking transistors, uri=https://www.sciencedaily.com/releases/2019/05/190529180242.htm, publishedDate=Thu May 30 03:02:42 YEKT 2019)
2019-06-11 16:50:09.804  INFO 7356 --- [   scheduling-1] o.s.integration.handler.LoggingHandler   : Persisting entry: FeedEntry(title=New evidence links ultra-processed foods with a range of health risks, uri=https://www.sciencedaily.com/releases/2019/05/190529221040.htm, publishedDate=Thu May 30 07:10:40 YEKT 2019)
2019-06-11 16:50:09.804  INFO 7356 --- [   scheduling-1] o.s.integration.handler.LoggingHandler   : Persisting entry: FeedEntry(title=Edible insects? Lab-grown meat? The real future food is lab-grown insect meat, uri=https://www.sciencedaily.com/releases/2019/05/190530101136.htm, publishedDate=Thu May 30 19:11:36 YEKT 2019)
2019-06-11 16:50:09.804  INFO 7356 --- [   scheduling-1] o.s.integration.handler.LoggingHandler   : Persisting entry: FeedEntry(title=Research confirms gut-brain connection in autism, uri=https://www.sciencedaily.com/releases/2019/05/190530101143.htm, publishedDate=Thu May 30 19:11:43 YEKT 2019)
2019-06-11 16:50:09.804  INFO 7356 --- [   scheduling-1] o.s.integration.handler.LoggingHandler   : Persisting entry: FeedEntry(title=Circadian clocks: Body parts respond to day and night independently from brain, studies show, uri=https://www.sciencedaily.com/releases/2019/05/190530141443.htm, publishedDate=Thu May 30 23:14:43 YEKT 2019)
2019-06-11 16:50:09.819  INFO 7356 --- [   scheduling-1] o.s.integration.handler.LoggingHandler   : Persisting entry: FeedEntry(title=Alibaba's smart speaker to feature in Audi, Renault, Honda cars, uri=https://www.reuters.com/article/us-alibaba-autos/alibabas-smart-speaker-to-feature-in-audi-renault-honda-cars-idUSKCN1TC0IC?feedType=RSS&feedName=technologyNews, publishedDate=Tue Jun 11 11:29:12 YEKT 2019)
2019-06-11 16:50:09.819  INFO 7356 --- [   scheduling-1] o.s.integration.handler.LoggingHandler   : Persisting entry: FeedEntry(title=Swedish gearmaker Ericsson increases 5G forecasts, uri=https://www.reuters.com/article/us-ericsson-mobility-report/swedish-gearmaker-ericsson-increases-5g-forecasts-idUSKCN1TC0R8?feedType=RSS&feedName=technologyNews, publishedDate=Tue Jun 11 13:09:32 YEKT 2019)
2019-06-11 16:50:09.819  INFO 7356 --- [   scheduling-1] o.s.integration.handler.LoggingHandler   : Persisting entry: FeedEntry(title=Explainer: 'Privacy coin' Monero offers near total anonymity, uri=https://www.reuters.com/article/us-crypto-currencies-altcoins-explainer/explainer-privacy-coin-monero-offers-near-total-anonymity-idUSKCN1SL0F0?feedType=RSS&feedName=technologyNews, publishedDate=Tue Jun 11 14:33:05 YEKT 2019)
2019-06-11 16:50:09.819  INFO 7356 --- [   scheduling-1] o.s.integration.handler.LoggingHandler   : Persisting entry: FeedEntry(title=Rise of smaller rivals throws up fresh challenge to bitcoin, uri=https://www.reuters.com/article/us-crypto-currencies-altcoins/rise-of-smaller-rivals-throws-up-fresh-challenge-to-bitcoin-idUSKCN1SL0FC?feedType=RSS&feedName=technologyNews, publishedDate=Tue Jun 11 14:33:05 YEKT 2019)
2019-06-11 16:50:09.819  INFO 7356 --- [   scheduling-1] o.s.integration.handler.LoggingHandler   : Persisting entry: FeedEntry(title=Fear and fervor propel Shanghai's tech board amid trade, Huawei tensions, uri=https://www.reuters.com/article/us-china-markets-techboard/fear-and-fervor-propel-shanghais-tech-board-amid-trade-huawei-tensions-idUSKCN1TC0B3?feedType=RSS&feedName=technologyNews, publishedDate=Tue Jun 11 15:00:18 YEKT 2019)
2019-06-11 16:50:09.819  INFO 7356 --- [   scheduling-1] o.s.integration.handler.LoggingHandler   : Persisting entry: FeedEntry(title=Factbox: Some of the biggest candidates for Shanghai's new tech board, uri=https://www.reuters.com/article/us-china-markets-techboard-candidates-fa/factbox-some-of-the-biggest-candidates-for-shanghais-new-tech-board-idUSKCN1TC0BS?feedType=RSS&feedName=technologyNews, publishedDate=Tue Jun 11 15:00:18 YEKT 2019)
2019-06-11 16:50:09.819  INFO 7356 --- [   scheduling-1] o.s.integration.handler.LoggingHandler   : Persisting entry: FeedEntry(title=Ford denies it is in the self-driving slow lane, uri=https://www.reuters.com/article/us-ford-motor-autonomous/ford-denies-it-is-in-the-self-driving-slow-lane-idUSKCN1TC0ZY?feedType=RSS&feedName=technologyNews, publishedDate=Tue Jun 11 15:39:57 YEKT 2019)
2019-06-11 16:50:09.819  INFO 7356 --- [   scheduling-1] o.s.integration.handler.LoggingHandler   : Persisting entry: FeedEntry(title=Exclusive: Top Japanese chip gear firm to honor U.S. blacklist of Chinese firms - executive, uri=https://www.reuters.com/article/us-usa-trade-china-semiconductors-exclus/exclusive-top-japanese-chip-gear-firm-to-honor-u-s-blacklist-of-chinese-firms-executive-idUSKCN1TC0H6?feedType=RSS&feedName=technologyNews, publishedDate=Tue Jun 11 15:44:45 YEKT 2019)
2019-06-11 16:50:09.819  INFO 7356 --- [   scheduling-1] o.s.integration.handler.LoggingHandler   : Persisting entry: FeedEntry(title=First stop Southeast Asia: SoftBank, Toyota's autonomous car venture heads overseas, uri=https://www.reuters.com/article/us-softbank-toyota-monet-autonomous/first-stop-southeast-asia-softbank-toyotas-autonomous-car-venture-heads-overseas-idUSKCN1TC0ZK?feedType=RSS&feedName=technologyNews, publishedDate=Tue Jun 11 16:33:01 YEKT 2019)
2019-06-11 16:50:09.819  INFO 7356 --- [   scheduling-1] o.s.integration.handler.LoggingHandler   : Persisting entry: FeedEntry(title=Foxconn has enough capacity outside China to meet Apple's U.S. demand, uri=https://www.reuters.com/article/us-foxconn-chairman/foxconn-has-enough-capacity-outside-china-to-meet-apples-u-s-demand-idUSKCN1TC0I0?feedType=RSS&feedName=technologyNews, publishedDate=Tue Jun 11 16:37:18 YEKT 2019)
2019-06-11 16:50:09.904 ERROR 7356 --- [   scheduling-1] c.t.f.FeedAggregatorApplication          : java.lang.IllegalArgumentException: kzxadpxqroujkqhffoip
2019-06-11 16:50:10.004 ERROR 7356 --- [   scheduling-1] c.t.f.FeedAggregatorApplication          : java.lang.IllegalArgumentException: pasutqhnybeczlmcsgst
2019-06-11 16:50:10.105 ERROR 7356 --- [   scheduling-1] c.t.f.FeedAggregatorApplication          : java.lang.IllegalStateException: pqmvfvzyzqdzryedwyfb
2019-06-11 16:50:10.184 ERROR 7356 --- [   scheduling-1] c.t.f.FeedAggregatorApplication          : java.lang.IllegalStateException: askifowgkcovimxlpsjq
2019-06-11 16:50:10.305 ERROR 7356 --- [   scheduling-1] c.t.f.FeedAggregatorApplication          : java.lang.IllegalStateException: ylireoyzzscqnpdwyjnz
2019-06-11 16:50:10.384 ERROR 7356 --- [   scheduling-1] c.t.f.FeedAggregatorApplication          : java.lang.IllegalStateException: vozoszpgcehuoiwpcfzp
2019-06-11 16:50:10.483 ERROR 7356 --- [   scheduling-1] c.t.f.FeedAggregatorApplication          : java.lang.IllegalStateException: zgelwzhywmypkhmhheha
2019-06-11 16:50:10.584 ERROR 7356 --- [   scheduling-1] c.t.f.FeedAggregatorApplication          : java.lang.IllegalStateException: gdgzqufqbgnjtbnneser
2019-06-11 16:50:10.684 ERROR 7356 --- [   scheduling-1] c.t.f.FeedAggregatorApplication          : java.lang.RuntimeException: rpffwrudjuvdtylueivt
2019-06-11 16:50:10.784 ERROR 7356 --- [   scheduling-1] c.t.f.FeedAggregatorApplication          : java.lang.IllegalStateException: akrlwqbzvqcwiuplsrvk
2019-06-11 16:50:10.885 ERROR 7356 --- [   scheduling-1] c.t.f.FeedAggregatorApplication          : java.lang.RuntimeException: gqgdasodzrvsjkyhaggw
2019-06-11 16:50:10.985 ERROR 7356 --- [   scheduling-1] c.t.f.FeedAggregatorApplication          : java.lang.RuntimeException: zcyanmkxpuexhtkxarqr
2019-06-11 16:50:11.085 ERROR 7356 --- [   scheduling-1] c.t.f.FeedAggregatorApplication          : java.lang.IllegalStateException: oatekhkntvprsvfrfkri
2019-06-11 16:50:11.207 ERROR 7356 --- [   scheduling-1] c.t.f.FeedAggregatorApplication          : java.lang.RuntimeException: czgppxyupfgbzrxekliw
2019-06-11 16:50:11.285 ERROR 7356 --- [   scheduling-1] c.t.f.FeedAggregatorApplication          : java.lang.IllegalArgumentException: juoowyqzertvrrogmfte
2019-06-11 16:50:11.386 ERROR 7356 --- [   scheduling-1] c.t.f.FeedAggregatorApplication          : java.lang.IllegalStateException: micxvsiouleuptpgffex
2019-06-11 16:50:11.486 ERROR 7356 --- [   scheduling-1] c.t.f.FeedAggregatorApplication          : java.lang.RuntimeException: xrzsjxvexxbapurkomqx
2019-06-11 16:50:11.586 ERROR 7356 --- [   scheduling-1] c.t.f.FeedAggregatorApplication          : java.lang.RuntimeException: pheewjrzpemcmaipbshj
2019-06-11 16:50:11.687 ERROR 7356 --- [   scheduling-1] c.t.f.FeedAggregatorApplication          : java.lang.RuntimeException: kopbgzydnmmllefbmvzn
2019-06-11 16:50:11.787 ERROR 7356 --- [   scheduling-1] c.t.f.FeedAggregatorApplication          : java.lang.IllegalStateException: dbmmglcclsysocprycbv
2019-06-11 16:50:11.887 ERROR 7356 --- [   scheduling-1] c.t.f.FeedAggregatorApplication          : java.lang.IllegalArgumentException: llbzrlmgzyukbuhssosk
2019-06-11 16:50:12.009 ERROR 7356 --- [   scheduling-1] c.t.f.FeedAggregatorApplication          : java.lang.IllegalArgumentException: nwwwsqxxonezjmxvoqde
2019-06-11 16:50:12.087 ERROR 7356 --- [   scheduling-1] c.t.f.FeedAggregatorApplication          : java.lang.RuntimeException: fjrdnoqutipjbeyolpsm
2019-06-11 16:50:12.188 ERROR 7356 --- [   scheduling-1] c.t.f.FeedAggregatorApplication          : java.lang.IllegalStateException: khrwwqhxnrsnogdvhmqe
2019-06-11 16:50:12.283 ERROR 7356 --- [   scheduling-1] c.t.f.FeedAggregatorApplication          : java.lang.IllegalStateException: mtetahndboknrfnkhffz
2019-06-11 16:50:12.412 ERROR 7356 --- [   scheduling-1] c.t.f.FeedAggregatorApplication          : java.lang.IllegalStateException: dtkhuvznalgvunqirguk
2019-06-11 16:50:12.491 ERROR 7356 --- [   scheduling-1] c.t.f.FeedAggregatorApplication          : java.lang.IllegalStateException: ozfawtqwfbbpxyblqteg
2019-06-11 16:50:12.591 ERROR 7356 --- [   scheduling-1] c.t.f.FeedAggregatorApplication          : java.lang.IllegalStateException: ltiiyizfpvgnrhhsfdiy
2019-06-11 16:50:12.691 ERROR 7356 --- [   scheduling-1] c.t.f.FeedAggregatorApplication          : java.lang.RuntimeException: injofrydzumdyaobzrkx
2019-06-11 16:50:12.791 ERROR 7356 --- [   scheduling-1] c.t.f.FeedAggregatorApplication          : java.lang.RuntimeException: meoprmthuklhdykjyqdz
2019-06-11 16:50:12.892 ERROR 7356 --- [   scheduling-1] c.t.f.FeedAggregatorApplication          : java.lang.RuntimeException: atgmzhuwkfekjbegkxoh
2019-06-11 16:50:12.992 ERROR 7356 --- [   scheduling-1] c.t.f.FeedAggregatorApplication          : java.lang.IllegalStateException: twstyuscuuojpkibppqe
2019-06-11 16:50:13.092 ERROR 7356 --- [   scheduling-1] c.t.f.FeedAggregatorApplication          : java.lang.RuntimeException: uuzikhxuewukquwchxib
2019-06-11 16:50:13.193 ERROR 7356 --- [   scheduling-1] c.t.f.FeedAggregatorApplication          : java.lang.RuntimeException: recinbikgcnudhuwbkdm
2019-06-11 16:50:13.293 ERROR 7356 --- [   scheduling-1] c.t.f.FeedAggregatorApplication          : java.lang.IllegalStateException: kavawxdanrhlorcpudnt
2019-06-11 16:50:13.398 ERROR 7356 --- [   scheduling-1] c.t.f.FeedAggregatorApplication          : java.lang.IllegalStateException: vjiiisdfczjymhvposxa
2019-06-11 16:50:13.493 ERROR 7356 --- [   scheduling-1] c.t.f.FeedAggregatorApplication          : java.lang.RuntimeException: igeiqdzcbaxkiihfetnh
2019-06-11 16:50:13.593 ERROR 7356 --- [   scheduling-1] c.t.f.FeedAggregatorApplication          : java.lang.IllegalStateException: etrkmplrrijcghoqyqah
2019-06-11 16:50:13.693 ERROR 7356 --- [   scheduling-1] c.t.f.FeedAggregatorApplication          : java.lang.IllegalStateException: tjvutgcchqdwkpyghxpm
2019-06-11 16:50:13.793 ERROR 7356 --- [   scheduling-1] c.t.f.FeedAggregatorApplication          : java.lang.RuntimeException: hgvbedtdheqcuyuwnbgp
2019-06-11 16:50:13.894 ERROR 7356 --- [   scheduling-1] c.t.f.FeedAggregatorApplication          : java.lang.RuntimeException: tcbhmzsqyanbzpqpchnz
2019-06-11 16:50:13.994 ERROR 7356 --- [   scheduling-1] c.t.f.FeedAggregatorApplication          : java.lang.IllegalStateException: xoyvemdccxuqjjhhtmzl
2019-06-11 16:50:14.098 ERROR 7356 --- [   scheduling-1] c.t.f.FeedAggregatorApplication          : java.lang.RuntimeException: tdggpnntjkwstvoyzrtu
2019-06-11 16:50:14.183 ERROR 7356 --- [   scheduling-1] c.t.f.FeedAggregatorApplication          : java.lang.IllegalStateException: idknjqrqizrqcepmkpok
2019-06-11 16:50:14.296 ERROR 7356 --- [   scheduling-1] c.t.f.FeedAggregatorApplication          : java.lang.RuntimeException: irkckduybbwujjsftqiq
2019-06-11 16:50:14.396 ERROR 7356 --- [   scheduling-1] c.t.f.FeedAggregatorApplication          : java.lang.IllegalStateException: jewuamohkvwtsapbgncs
2019-06-11 16:50:14.496 ERROR 7356 --- [   scheduling-1] c.t.f.FeedAggregatorApplication          : java.lang.RuntimeException: pfdfouupyjlutbmiahgl
2019-06-11 16:50:14.597 ERROR 7356 --- [   scheduling-1] c.t.f.FeedAggregatorApplication          : java.lang.IllegalArgumentException: skzlxdynqcepzdgmupoc
2019-06-11 16:50:14.697 ERROR 7356 --- [   scheduling-1] c.t.f.FeedAggregatorApplication          : java.lang.IllegalStateException: mvngqxtfaahenbewgejq
2019-06-11 16:50:14.797 ERROR 7356 --- [   scheduling-1] c.t.f.FeedAggregatorApplication          : java.lang.IllegalArgumentException: bxluouuyzclejqjskmza
2019-06-11 16:50:14.897 ERROR 7356 --- [   scheduling-1] c.t.f.FeedAggregatorApplication          : java.lang.IllegalStateException: udefnsqgmqavatdsyqfg
2019-06-11 16:50:14.991 ERROR 7356 --- [   scheduling-1] c.t.f.FeedAggregatorApplication          : java.lang.IllegalStateException: bscbsgyikqcblpnjgfgd
2019-06-11 16:50:15.098 ERROR 7356 --- [   scheduling-1] c.t.f.FeedAggregatorApplication          : java.lang.IllegalArgumentException: pfwggtgouopxydkbjupx
2019-06-11 16:50:15.184 ERROR 7356 --- [   scheduling-1] c.t.f.FeedAggregatorApplication          : java.lang.IllegalArgumentException: xnoovadrywhemthjpcfx
2019-06-11 16:50:15.298 ERROR 7356 --- [   scheduling-1] c.t.f.FeedAggregatorApplication          : java.lang.RuntimeException: jhwelqtgfdfjcjgqwzne
2019-06-11 16:50:15.399 ERROR 7356 --- [   scheduling-1] c.t.f.FeedAggregatorApplication          : java.lang.RuntimeException: vjfqcyciuvhipxfhspku
2019-06-11 16:50:15.483 ERROR 7356 --- [   scheduling-1] c.t.f.FeedAggregatorApplication          : java.lang.IllegalStateException: sxaquqlhleadcmkahdpf
2019-06-11 16:50:15.584 ERROR 7356 --- [   scheduling-1] c.t.f.FeedAggregatorApplication          : java.lang.RuntimeException: ljdzflhoakgwodpdxwmm
2019-06-11 16:50:15.684 ERROR 7356 --- [   scheduling-1] c.t.f.FeedAggregatorApplication          : java.lang.IllegalStateException: ijrrxqjxpdxevcmhripf
2019-06-11 16:50:15.784 ERROR 7356 --- [   scheduling-1] c.t.f.FeedAggregatorApplication          : java.lang.RuntimeException: zvchqgzncwdzcdngavoa
2019-06-11 16:50:15.884 ERROR 7356 --- [   scheduling-1] c.t.f.FeedAggregatorApplication          : java.lang.RuntimeException: xffkylhzeuvoaipchtxy
2019-06-11 16:50:15.985 ERROR 7356 --- [   scheduling-1] c.t.f.FeedAggregatorApplication          : java.lang.RuntimeException: jwhdzttttsvakxnpfcuo
2019-06-11 16:50:16.085 ERROR 7356 --- [   scheduling-1] c.t.f.FeedAggregatorApplication          : java.lang.RuntimeException: zhiimvqvmkdfdsflvrba
2019-06-11 16:50:16.188 ERROR 7356 --- [   scheduling-1] c.t.f.FeedAggregatorApplication          : java.lang.IllegalStateException: tsziuatbeegjuvlpmomi
2019-06-11 16:50:16.285 ERROR 7356 --- [   scheduling-1] c.t.f.FeedAggregatorApplication          : java.lang.RuntimeException: rtubhsrjbgtjzheaamui
2019-06-11 16:50:16.386 ERROR 7356 --- [   scheduling-1] c.t.f.FeedAggregatorApplication          : java.lang.RuntimeException: ymztinhgejsvxzykhhgv
2019-06-11 16:50:16.486 ERROR 7356 --- [   scheduling-1] c.t.f.FeedAggregatorApplication          : java.lang.RuntimeException: fvhjxiyocszllirkqvjw
2019-06-11 16:50:16.586 ERROR 7356 --- [   scheduling-1] c.t.f.FeedAggregatorApplication          : java.lang.RuntimeException: uomqfocirghuossxcftl
2019-06-11 16:50:16.687 ERROR 7356 --- [   scheduling-1] c.t.f.FeedAggregatorApplication          : java.lang.RuntimeException: stzxecmpqstbpkojezet
2019-06-11 16:50:16.787 ERROR 7356 --- [   scheduling-1] c.t.f.FeedAggregatorApplication          : java.lang.RuntimeException: qgavuuhfqpczqszcmijg
2019-06-11 16:50:16.887 ERROR 7356 --- [   scheduling-1] c.t.f.FeedAggregatorApplication          : java.lang.IllegalStateException: wriklvnrwggkezgbwyyy
2019-06-11 16:50:16.988 ERROR 7356 --- [   scheduling-1] c.t.f.FeedAggregatorApplication          : java.lang.IllegalArgumentException: bwjhafwjfyzzivriyjbv
2019-06-11 16:50:17.087 ERROR 7356 --- [   scheduling-1] c.t.f.FeedAggregatorApplication          : java.lang.IllegalStateException: mtjpmjakglvdvfsailwr
2019-06-11 16:50:17.197 ERROR 7356 --- [   scheduling-1] c.t.f.FeedAggregatorApplication          : java.lang.IllegalArgumentException: vhspsruxjznidbbnplqr
2019-06-11 16:50:17.287 ERROR 7356 --- [   scheduling-1] c.t.f.FeedAggregatorApplication          : java.lang.RuntimeException: rpptfhiwxamzgywiffct
2019-06-11 16:50:17.388 ERROR 7356 --- [   scheduling-1] c.t.f.FeedAggregatorApplication          : java.lang.IllegalStateException: nuwwwnrhotwnwbtafqun
2019-06-11 16:50:17.488 ERROR 7356 --- [   scheduling-1] c.t.f.FeedAggregatorApplication          : java.lang.IllegalArgumentException: idhpltjtliefcqrwqbvw
2019-06-11 16:50:17.588 ERROR 7356 --- [   scheduling-1] c.t.f.FeedAggregatorApplication          : java.lang.IllegalStateException: luympmllrsgqoupivxfk
2019-06-11 16:50:17.688 ERROR 7356 --- [   scheduling-1] c.t.f.FeedAggregatorApplication          : java.lang.IllegalStateException: jaoqvbrdpckogvfsbfxq
2019-06-11 16:50:17.789 ERROR 7356 --- [   scheduling-1] c.t.f.FeedAggregatorApplication          : java.lang.IllegalArgumentException: jwzysshpfprydopxumam
2019-06-11 16:50:17.889 ERROR 7356 --- [   scheduling-1] c.t.f.FeedAggregatorApplication          : java.lang.RuntimeException: xluzwfcoeiuqxgzangmm
2019-06-11 16:50:17.986 ERROR 7356 --- [   scheduling-1] c.t.f.FeedAggregatorApplication          : java.lang.IllegalArgumentException: gaadxpmxmjutxliyopbp
2019-06-11 16:50:18.089 ERROR 7356 --- [   scheduling-1] c.t.f.FeedAggregatorApplication          : java.lang.IllegalStateException: zwprhdsnexcdwszojijh
2019-06-11 16:50:18.190 ERROR 7356 --- [   scheduling-1] c.t.f.FeedAggregatorApplication          : java.lang.IllegalStateException: xhfajtsscurnhndbedoi
2019-06-11 16:50:18.290 ERROR 7356 --- [   scheduling-1] c.t.f.FeedAggregatorApplication          : java.lang.IllegalStateException: rknhmgbllpnibjyoimno
2019-06-11 16:50:18.390 ERROR 7356 --- [   scheduling-1] c.t.f.FeedAggregatorApplication          : java.lang.IllegalStateException: smgofgcezoclqmneudgs
2019-06-11 16:50:18.491 ERROR 7356 --- [   scheduling-1] c.t.f.FeedAggregatorApplication          : java.lang.IllegalStateException: zgqteukhnmnryksvzrfj
2019-06-11 16:50:18.591 ERROR 7356 --- [   scheduling-1] c.t.f.FeedAggregatorApplication          : java.lang.RuntimeException: gleyzxxtfkbzjwowscah
2019-06-11 16:50:18.691 ERROR 7356 --- [   scheduling-1] c.t.f.FeedAggregatorApplication          : java.lang.IllegalArgumentException: dkiprbewvrgvlocbbocj
2019-06-11 16:50:18.791 ERROR 7356 --- [   scheduling-1] c.t.f.FeedAggregatorApplication          : java.lang.IllegalArgumentException: yksnljinrdijjpefrdbt
2019-06-11 16:50:18.892 ERROR 7356 --- [   scheduling-1] c.t.f.FeedAggregatorApplication          : java.lang.IllegalArgumentException: jfgrikuitjqsmwhhsdkb
2019-06-11 16:50:18.992 ERROR 7356 --- [   scheduling-1] c.t.f.FeedAggregatorApplication          : java.lang.IllegalStateException: dydclefpdwvhamzjtukh
2019-06-11 16:50:19.099 ERROR 7356 --- [   scheduling-1] c.t.f.FeedAggregatorApplication          : java.lang.IllegalStateException: icbdukaymptwpnjrnwki
2019-06-11 16:50:19.192 ERROR 7356 --- [   scheduling-1] c.t.f.FeedAggregatorApplication          : java.lang.IllegalStateException: hffkkpmdepvvhrwikith
2019-06-11 16:50:19.292 ERROR 7356 --- [   scheduling-1] c.t.f.FeedAggregatorApplication          : java.lang.IllegalStateException: qhqgbybwgfqlvtfuxwoj
2019-06-11 16:50:19.393 ERROR 7356 --- [   scheduling-1] c.t.f.FeedAggregatorApplication          : java.lang.IllegalArgumentException: zyullsvkyasdicbodfig
2019-06-11 16:50:19.493 ERROR 7356 --- [   scheduling-1] c.t.f.FeedAggregatorApplication          : java.lang.IllegalStateException: zhbtrhqrcrouoogwirue
2019-06-11 16:50:19.593 ERROR 7356 --- [   scheduling-1] c.t.f.FeedAggregatorApplication          : java.lang.RuntimeException: tjfclnpuizvkukoqtgzr
2019-06-11 16:50:19.694 ERROR 7356 --- [   scheduling-1] c.t.f.FeedAggregatorApplication          : java.lang.IllegalArgumentException: gvrzhtgegtnwtsfnewly
2019-06-11 16:50:19.794 ERROR 7356 --- [   scheduling-1] c.t.f.FeedAggregatorApplication          : java.lang.IllegalStateException: czvjswrlsynbvowyxhww
2019-06-11 16:50:19.794  INFO 7356 --- [   scheduling-1] o.s.integration.handler.LoggingHandler   : Persisting entry: FeedEntry(title=Ancient DNA tells the story of the first herders and farmers in east Africa, uri=https://www.sciencedaily.com/releases/2019/05/190530141445.htm, publishedDate=Thu May 30 23:14:45 YEKT 2019)
2019-06-11 16:50:19.794  INFO 7356 --- [   scheduling-1] o.s.integration.handler.LoggingHandler   : Persisting entry: FeedEntry(title=Transgenic fungus rapidly killed malaria mosquitoes in West African study, uri=https://www.sciencedaily.com/releases/2019/05/190530141501.htm, publishedDate=Thu May 30 23:15:01 YEKT 2019)
2019-06-11 16:50:19.794  INFO 7356 --- [   scheduling-1] o.s.integration.handler.LoggingHandler   : Persisting entry: FeedEntry(title=New way to protect against high-dose radiation damage discovered, uri=https://www.sciencedaily.com/releases/2019/05/190530141522.htm, publishedDate=Thu May 30 23:15:22 YEKT 2019)
2019-06-11 16:50:19.794  INFO 7356 --- [   scheduling-1] o.s.integration.handler.LoggingHandler   : Persisting entry: FeedEntry(title=Combination of three gene mutations results in deadly human heart disease, uri=https://www.sciencedaily.com/releases/2019/05/190530141525.htm, publishedDate=Thu May 30 23:15:25 YEKT 2019)
2019-06-11 16:50:19.794  INFO 7356 --- [   scheduling-1] o.s.integration.handler.LoggingHandler   : Persisting entry: FeedEntry(title=Pain free, thanks to evolution, uri=https://www.sciencedaily.com/releases/2019/05/190530141533.htm, publishedDate=Thu May 30 23:15:33 YEKT 2019)
2019-06-11 16:50:19.794  INFO 7356 --- [   scheduling-1] o.s.integration.handler.LoggingHandler   : Persisting entry: FeedEntry(title=Physicists 'teleport' logic operation between separated ions, uri=https://www.sciencedaily.com/releases/2019/05/190530141539.htm, publishedDate=Thu May 30 23:15:39 YEKT 2019)
2019-06-11 16:50:19.794  INFO 7356 --- [   scheduling-1] o.s.integration.handler.LoggingHandler   : Persisting entry: FeedEntry(title=Subaru Telescope captures 1800 exploding stars, uri=https://www.sciencedaily.com/releases/2019/05/190531085408.htm, publishedDate=Fri May 31 17:54:08 YEKT 2019)
2019-06-11 16:50:19.794  INFO 7356 --- [   scheduling-1] o.s.integration.handler.LoggingHandler   : Persisting entry: FeedEntry(title=A treasure map to understanding the epigenetic causes of disease, uri=https://www.sciencedaily.com/releases/2019/06/190603084134.htm, publishedDate=Mon Jun 03 17:41:34 YEKT 2019)
2019-06-11 16:50:19.794  INFO 7356 --- [   scheduling-1] o.s.integration.handler.LoggingHandler   : Persisting entry: FeedEntry(title=Feathers came first, then birds, uri=https://www.sciencedaily.com/releases/2019/06/190603124542.htm, publishedDate=Mon Jun 03 21:45:42 YEKT 2019)
2019-06-11 16:50:19.794  INFO 7356 --- [   scheduling-1] o.s.integration.handler.LoggingHandler   : Persisting entry: FeedEntry(title=Physicists can predict the jumps of Schrdinger's cat (and finally save it), uri=https://www.sciencedaily.com/releases/2019/06/190603124621.htm, publishedDate=Mon Jun 03 21:46:21 YEKT 2019)
2019-06-11 16:50:20.063 ERROR 7356 --- [   scheduling-1] c.t.f.FeedAggregatorApplication          : java.lang.IllegalArgumentException: fsmqyplulxxozizbmpxo
2019-06-11 16:50:20.063 ERROR 7356 --- [   scheduling-1] c.t.f.FeedAggregatorApplication          : java.lang.RuntimeException: cxdzuasvclggcfboqqgt
2019-06-11 16:50:20.095 ERROR 7356 --- [   scheduling-1] c.t.f.FeedAggregatorApplication          : java.lang.IllegalStateException: xkvfbozzdcynvfedkhzp
2019-06-11 16:50:20.195 ERROR 7356 --- [   scheduling-1] c.t.f.FeedAggregatorApplication          : java.lang.RuntimeException: ezvrlkyytxszxngrekmh
2019-06-11 16:50:20.284 ERROR 7356 --- [   scheduling-1] c.t.f.FeedAggregatorApplication          : java.lang.IllegalStateException: hnhynydqakztcdsztsea
2019-06-11 16:50:20.395 ERROR 7356 --- [   scheduling-1] c.t.f.FeedAggregatorApplication          : java.lang.IllegalStateException: wfzqjiijbqfyuzatcfum
2019-06-11 16:50:20.496 ERROR 7356 --- [   scheduling-1] c.t.f.FeedAggregatorApplication          : java.lang.RuntimeException: rhmeoezwzbqktxasgzyc
2019-06-11 16:50:20.596 ERROR 7356 --- [   scheduling-1] c.t.f.FeedAggregatorApplication          : java.lang.IllegalArgumentException: fzgjrsrledqkrdkgzooq
2019-06-11 16:50:20.696 ERROR 7356 --- [   scheduling-1] c.t.f.FeedAggregatorApplication          : java.lang.IllegalStateException: uurjdmvrxflisxcqolks
2019-06-11 16:50:20.797 ERROR 7356 --- [   scheduling-1] c.t.f.FeedAggregatorApplication          : java.lang.IllegalArgumentException: dsypltynsklpgvxswifa
2019-06-11 16:50:20.897 ERROR 7356 --- [   scheduling-1] c.t.f.FeedAggregatorApplication          : java.lang.RuntimeException: ulkefseeykoezkxqoepm
2019-06-11 16:50:20.997 ERROR 7356 --- [   scheduling-1] c.t.f.FeedAggregatorApplication          : java.lang.IllegalStateException: keswgjzftteypqbmubxm

