2019-06-11 19:23:14.054  INFO 8744 --- [  restartedMain] c.t.f.FeedAggregatorApplication          : Started FeedAggregatorApplication in 5.428 seconds (JVM running for 6.067)
2019-06-11 19:23:14.152  INFO 8744 --- [   scheduling-1] o.s.integration.handler.LoggingHandler   : Persisting entry: FeedEntry(title=More U.S. millennials subscribe to video games than traditional pay TV: survey, uri=https://www.reuters.com/article/us-usa-videogames-television/more-u-s-millennials-subscribe-to-video-games-than-traditional-pay-tv-survey-idUSKCN1TB2CB?feedType=RSS&feedName=technologyNews, publishedDate=Tue Jun 11 01:57:43 YEKT 2019)
2019-06-11 19:23:14.192  INFO 8744 --- [   scheduling-1] o.s.integration.handler.LoggingHandler   : Persisting entry: FeedEntry(title=Uber's European rival Bolt enters London market, again, uri=https://www.reuters.com/article/us-bolt-london/ubers-european-rival-bolt-enters-london-market-again-idUSKCN1TC004?feedType=RSS&feedName=technologyNews, publishedDate=Tue Jun 11 05:02:59 YEKT 2019)
2019-06-11 19:23:14.194  INFO 8744 --- [   scheduling-1] o.s.integration.handler.LoggingHandler   : Persisting entry: FeedEntry(title=Facebook to unveil new versions of Portal video chat devices this autumn, uri=https://www.reuters.com/article/us-facebook-portal-devices/facebook-to-unveil-new-versions-of-portal-video-chat-devices-this-autumn-idUSKCN1TC02H?feedType=RSS&feedName=technologyNews, publishedDate=Tue Jun 11 06:51:34 YEKT 2019)
2019-06-11 19:23:14.195  INFO 8744 --- [   scheduling-1] o.s.integration.handler.LoggingHandler   : Persisting entry: FeedEntry(title=Citi launches co-branded credit cards with SE Asia's Grab in push for more customers, uri=https://www.reuters.com/article/us-citigroup-asia-grab/citi-launches-co-branded-credit-cards-with-se-asias-grab-in-push-for-more-customers-idUSKCN1TC083?feedType=RSS&feedName=technologyNews, publishedDate=Tue Jun 11 08:02:34 YEKT 2019)
2019-06-11 19:23:14.197  INFO 8744 --- [   scheduling-1] o.s.integration.handler.LoggingHandler   : Persisting entry: FeedEntry(title=Huawei executive says goal to be world's top phone maker some time off, uri=https://www.reuters.com/article/us-huawei-tech-usa/huawei-executive-says-goal-to-be-worlds-top-phone-maker-some-time-off-idUSKCN1TC06L?feedType=RSS&feedName=technologyNews, publishedDate=Tue Jun 11 08:12:56 YEKT 2019)
2019-06-11 19:23:14.198  INFO 8744 --- [   scheduling-1] o.s.integration.handler.LoggingHandler   : Persisting entry: FeedEntry(title=Amazon embraces U.S. government business, despite occasional controversy, uri=https://www.reuters.com/article/us-amazon-com-facial-recognition/amazon-embraces-u-s-government-business-despite-occasional-controversy-idUSKCN1TC09D?feedType=RSS&feedName=technologyNews, publishedDate=Tue Jun 11 10:10:06 YEKT 2019)
2019-06-11 19:23:14.200  INFO 8744 --- [   scheduling-1] o.s.integration.handler.LoggingHandler   : Persisting entry: FeedEntry(title=Alibaba's smart speaker to feature in Audi, Renault, Honda cars, uri=https://www.reuters.com/article/us-alibaba-autos/alibabas-smart-speaker-to-feature-in-audi-renault-honda-cars-idUSKCN1TC0IC?feedType=RSS&feedName=technologyNews, publishedDate=Tue Jun 11 11:29:12 YEKT 2019)
2019-06-11 19:23:14.201  INFO 8744 --- [   scheduling-1] o.s.integration.handler.LoggingHandler   : Persisting entry: FeedEntry(title=Swedish gearmaker Ericsson increases 5G forecasts, uri=https://www.reuters.com/article/us-ericsson-mobility-report/swedish-gearmaker-ericsson-increases-5g-forecasts-idUSKCN1TC0R8?feedType=RSS&feedName=technologyNews, publishedDate=Tue Jun 11 13:09:32 YEKT 2019)
2019-06-11 19:23:14.203  INFO 8744 --- [   scheduling-1] o.s.integration.handler.LoggingHandler   : Persisting entry: FeedEntry(title=Explainer: 'Privacy coin' Monero offers near total anonymity, uri=https://www.reuters.com/article/us-crypto-currencies-altcoins-explainer/explainer-privacy-coin-monero-offers-near-total-anonymity-idUSKCN1SL0F0?feedType=RSS&feedName=technologyNews, publishedDate=Tue Jun 11 14:33:05 YEKT 2019)
2019-06-11 19:23:14.205  INFO 8744 --- [   scheduling-1] o.s.integration.handler.LoggingHandler   : Persisting entry: FeedEntry(title=Rise of smaller rivals throws up fresh challenge to bitcoin, uri=https://www.reuters.com/article/us-crypto-currencies-altcoins/rise-of-smaller-rivals-throws-up-fresh-challenge-to-bitcoin-idUSKCN1SL0FC?feedType=RSS&feedName=technologyNews, publishedDate=Tue Jun 11 14:33:05 YEKT 2019)
2019-06-11 19:23:14.207 ERROR 8744 --- [   scheduling-1] c.t.f.FeedAggregatorApplication          : java.lang.IllegalStateException: jsarxnkhgbwzkrbuexgs
2019-06-11 19:23:14.207 ERROR 8744 --- [   scheduling-1] c.t.f.FeedAggregatorApplication          : java.lang.IllegalStateException: xodmrcnucjlvxxucnlir
2019-06-11 19:23:14.220 ERROR 8744 --- [   scheduling-1] c.t.f.FeedAggregatorApplication          : java.lang.IllegalStateException: jnacawhsxpkkhqfpqwnq
2019-06-11 19:23:14.320 ERROR 8744 --- [   scheduling-1] c.t.f.FeedAggregatorApplication          : java.lang.IllegalStateException: sdxglbuafldfimkkekok
2019-06-11 19:23:14.420 ERROR 8744 --- [   scheduling-1] c.t.f.FeedAggregatorApplication          : java.lang.RuntimeException: wwezgxnrrahadcafthew
2019-06-11 19:23:14.521 ERROR 8744 --- [   scheduling-1] c.t.f.FeedAggregatorApplication          : java.lang.RuntimeException: zdmcebnyufoouwmyypys
2019-06-11 19:23:14.621 ERROR 8744 --- [   scheduling-1] c.t.f.FeedAggregatorApplication          : java.lang.RuntimeException: hqanrnvqtusrwemvtadd
2019-06-11 19:23:14.721 ERROR 8744 --- [   scheduling-1] c.t.f.FeedAggregatorApplication          : java.lang.IllegalStateException: poowmlrepsnbpidobrsj
2019-06-11 19:23:14.821 ERROR 8744 --- [   scheduling-1] c.t.f.FeedAggregatorApplication          : java.lang.IllegalStateException: xjhvcqkaikdoxssyooqg
2019-06-11 19:23:14.919 ERROR 8744 --- [   scheduling-1] c.t.f.FeedAggregatorApplication          : java.lang.IllegalArgumentException: biabfmgwegdssbelkvqz
2019-06-11 19:23:15.020 ERROR 8744 --- [   scheduling-1] c.t.f.FeedAggregatorApplication          : java.lang.RuntimeException: invithzomloifamemcjy
2019-06-11 19:23:15.121 ERROR 8744 --- [   scheduling-1] c.t.f.FeedAggregatorApplication          : java.lang.IllegalStateException: emclmhqwxluvjhswjano
2019-06-11 19:23:15.219 ERROR 8744 --- [   scheduling-1] c.t.f.FeedAggregatorApplication          : java.lang.IllegalStateException: irwhhzoxlmvfrlkjclbe
2019-06-11 19:23:15.320 ERROR 8744 --- [   scheduling-1] c.t.f.FeedAggregatorApplication          : java.lang.RuntimeException: fkkvpspyifkadkuerueo
2019-06-11 19:23:15.419 ERROR 8744 --- [   scheduling-1] c.t.f.FeedAggregatorApplication          : java.lang.RuntimeException: favvwbgveudzafoqkjuw
2019-06-11 19:23:15.519 ERROR 8744 --- [   scheduling-1] c.t.f.FeedAggregatorApplication          : java.lang.IllegalStateException: isfqsygwirwonspcvgzy
2019-06-11 19:23:15.620 ERROR 8744 --- [   scheduling-1] c.t.f.FeedAggregatorApplication          : java.lang.IllegalStateException: etgyxexklaexgfjkhywu
2019-06-11 19:23:15.720 ERROR 8744 --- [   scheduling-1] c.t.f.FeedAggregatorApplication          : java.lang.RuntimeException: aeqoktidzvghnfrkvqss
2019-06-11 19:23:15.820 ERROR 8744 --- [   scheduling-1] c.t.f.FeedAggregatorApplication          : java.lang.IllegalStateException: gikedgjxnybdnnyuatan
2019-06-11 19:23:15.920 ERROR 8744 --- [   scheduling-1] c.t.f.FeedAggregatorApplication          : java.lang.IllegalStateException: evxarmlseafggfvwwstw
2019-06-11 19:23:16.021 ERROR 8744 --- [   scheduling-1] c.t.f.FeedAggregatorApplication          : java.lang.RuntimeException: akczufemsqcvuigqtdeu
2019-06-11 19:23:16.121 ERROR 8744 --- [   scheduling-1] c.t.f.FeedAggregatorApplication          : java.lang.RuntimeException: vgpohssjnofkojpoyfxd
2019-06-11 19:23:16.220 ERROR 8744 --- [   scheduling-1] c.t.f.FeedAggregatorApplication          : java.lang.IllegalStateException: dqxxyepxpkmwawwqcfap
2019-06-11 19:23:16.319 ERROR 8744 --- [   scheduling-1] c.t.f.FeedAggregatorApplication          : java.lang.IllegalArgumentException: uyoovoedvltbhrcldrao
2019-06-11 19:23:16.419 ERROR 8744 --- [   scheduling-1] c.t.f.FeedAggregatorApplication          : java.lang.RuntimeException: qqvqammljijaqeudhqbz
2019-06-11 19:23:16.521 ERROR 8744 --- [   scheduling-1] c.t.f.FeedAggregatorApplication          : java.lang.IllegalStateException: bvxmiyttgkqofkudavzw
2019-06-11 19:23:16.620 ERROR 8744 --- [   scheduling-1] c.t.f.FeedAggregatorApplication          : java.lang.RuntimeException: tfsxnzqqjtnfgxaorehj
2019-06-11 19:23:16.719 ERROR 8744 --- [   scheduling-1] c.t.f.FeedAggregatorApplication          : java.lang.RuntimeException: fkmthynjialsttzqvxtf
2019-06-11 19:23:16.821 ERROR 8744 --- [   scheduling-1] c.t.f.FeedAggregatorApplication          : java.lang.IllegalArgumentException: qkcwpopttgbfnjodtdrg
2019-06-11 19:23:16.920 ERROR 8744 --- [   scheduling-1] c.t.f.FeedAggregatorApplication          : java.lang.RuntimeException: mzxuaiumxzrlkdvchnqu
2019-06-11 19:23:17.020 ERROR 8744 --- [   scheduling-1] c.t.f.FeedAggregatorApplication          : java.lang.IllegalStateException: xnhfnymdpwjrgxhnqnxw
2019-06-11 19:23:17.120 ERROR 8744 --- [   scheduling-1] c.t.f.FeedAggregatorApplication          : java.lang.IllegalStateException: tsancjpcvaleyedrrclj
2019-06-11 19:23:17.220 ERROR 8744 --- [   scheduling-1] c.t.f.FeedAggregatorApplication          : java.lang.RuntimeException: jbutlcfyhhwtzpxemvfr
2019-06-11 19:23:17.320 ERROR 8744 --- [   scheduling-1] c.t.f.FeedAggregatorApplication          : java.lang.RuntimeException: swfawadumldlwnsgdquv
2019-06-11 19:23:17.421 ERROR 8744 --- [   scheduling-1] c.t.f.FeedAggregatorApplication          : java.lang.RuntimeException: xljfgnrrrckxgzvupeuf
2019-06-11 19:23:17.521 ERROR 8744 --- [   scheduling-1] c.t.f.FeedAggregatorApplication          : java.lang.IllegalStateException: rtjojlbkwojtatdkfekl
2019-06-11 19:23:17.620 ERROR 8744 --- [   scheduling-1] c.t.f.FeedAggregatorApplication          : java.lang.IllegalStateException: ndbigqhamvzxoaslfhoh
2019-06-11 19:23:17.720 ERROR 8744 --- [   scheduling-1] c.t.f.FeedAggregatorApplication          : java.lang.IllegalArgumentException: vjuxdpwmiqelrkkisyja
2019-06-11 19:23:17.821 ERROR 8744 --- [   scheduling-1] c.t.f.FeedAggregatorApplication          : java.lang.IllegalStateException: wszqptbqpplthfyfbjpm
2019-06-11 19:23:17.921 ERROR 8744 --- [   scheduling-1] c.t.f.FeedAggregatorApplication          : java.lang.IllegalStateException: kzjarvmgkvymtrvpwtkt
2019-06-11 19:23:18.020 ERROR 8744 --- [   scheduling-1] c.t.f.FeedAggregatorApplication          : java.lang.RuntimeException: lhiczaajokpnhjckxazs
2019-06-11 19:23:18.120 ERROR 8744 --- [   scheduling-1] c.t.f.FeedAggregatorApplication          : java.lang.IllegalStateException: spjtldyfdnfnfmrpoptu
2019-06-11 19:23:18.220 ERROR 8744 --- [   scheduling-1] c.t.f.FeedAggregatorApplication          : java.lang.IllegalArgumentException: tsylqcwxnflyaxgdxaeg
2019-06-11 19:23:18.320 ERROR 8744 --- [   scheduling-1] c.t.f.FeedAggregatorApplication          : java.lang.IllegalStateException: ebwmrvxxrfnxywxdtghf
2019-06-11 19:23:18.420 ERROR 8744 --- [   scheduling-1] c.t.f.FeedAggregatorApplication          : java.lang.RuntimeException: qhucgznxbdnwnzgtzgji
2019-06-11 19:23:18.520 ERROR 8744 --- [   scheduling-1] c.t.f.FeedAggregatorApplication          : java.lang.IllegalStateException: wqgvnelenhbuoytlrerq
2019-06-11 19:23:18.620 ERROR 8744 --- [   scheduling-1] c.t.f.FeedAggregatorApplication          : java.lang.IllegalStateException: frnnvsoyvsfogbhavycr
2019-06-11 19:23:18.721 ERROR 8744 --- [   scheduling-1] c.t.f.FeedAggregatorApplication          : java.lang.IllegalStateException: funwthiuwnefukayqzoj
2019-06-11 19:23:18.819 ERROR 8744 --- [   scheduling-1] c.t.f.FeedAggregatorApplication          : java.lang.IllegalStateException: vfjidlizgtzajhbxifek
2019-06-11 19:23:18.920 ERROR 8744 --- [   scheduling-1] c.t.f.FeedAggregatorApplication          : java.lang.IllegalStateException: fhmnxrhuvytumquyuiei
2019-06-11 19:23:19.021 ERROR 8744 --- [   scheduling-1] c.t.f.FeedAggregatorApplication          : java.lang.IllegalStateException: kpdcnflrlosjgeojmqmw
2019-06-11 19:23:19.120 ERROR 8744 --- [   scheduling-1] c.t.f.FeedAggregatorApplication          : java.lang.RuntimeException: sxvgduzypiftcfvaynyc
2019-06-11 19:23:19.220 ERROR 8744 --- [   scheduling-1] c.t.f.FeedAggregatorApplication          : java.lang.IllegalStateException: cqhilssrbkzuxohnvhpz
2019-06-11 19:23:19.319 ERROR 8744 --- [   scheduling-1] c.t.f.FeedAggregatorApplication          : java.lang.IllegalStateException: hauwizmaubwuypnecvxa
2019-06-11 19:23:19.420 ERROR 8744 --- [   scheduling-1] c.t.f.FeedAggregatorApplication          : java.lang.RuntimeException: xiibrckuxuembtjomrdg
2019-06-11 19:23:19.520 ERROR 8744 --- [   scheduling-1] c.t.f.FeedAggregatorApplication          : java.lang.IllegalArgumentException: erypogxjnnwalzgunhvi
2019-06-11 19:23:19.620 ERROR 8744 --- [   scheduling-1] c.t.f.FeedAggregatorApplication          : java.lang.RuntimeException: vxzoqssydmapsgpkefkk
2019-06-11 19:23:19.721 ERROR 8744 --- [   scheduling-1] c.t.f.FeedAggregatorApplication          : java.lang.IllegalStateException: fplbykierobquxnojlqp
2019-06-11 19:23:19.820 ERROR 8744 --- [   scheduling-1] c.t.f.FeedAggregatorApplication          : java.lang.IllegalArgumentException: xqxzebevbsltqphbjjjy
2019-06-11 19:23:19.919 ERROR 8744 --- [   scheduling-1] c.t.f.FeedAggregatorApplication          : java.lang.IllegalStateException: hzlhstowuwiixkymlihh
2019-06-11 19:23:20.020 ERROR 8744 --- [   scheduling-1] c.t.f.FeedAggregatorApplication          : java.lang.RuntimeException: dhepmbfmiunmjzlhbjox
2019-06-11 19:23:20.120 ERROR 8744 --- [   scheduling-1] c.t.f.FeedAggregatorApplication          : java.lang.IllegalStateException: qutpqxtsbddqffxcfhki
2019-06-11 19:23:20.220 ERROR 8744 --- [   scheduling-1] c.t.f.FeedAggregatorApplication          : java.lang.IllegalStateException: cfokukzqehowqvmwfvqk
2019-06-11 19:23:20.320 ERROR 8744 --- [   scheduling-1] c.t.f.FeedAggregatorApplication          : java.lang.IllegalArgumentException: ylppeatqwhsmmgyyqsps
2019-06-11 19:23:20.421 ERROR 8744 --- [   scheduling-1] c.t.f.FeedAggregatorApplication          : java.lang.RuntimeException: ahoypztyjminnnkkpzfv
2019-06-11 19:23:20.520 ERROR 8744 --- [   scheduling-1] c.t.f.FeedAggregatorApplication          : java.lang.IllegalStateException: xbqkxrpfnpdqtqnlmouu
2019-06-11 19:23:20.621 ERROR 8744 --- [   scheduling-1] c.t.f.FeedAggregatorApplication          : java.lang.RuntimeException: mejncswpnnxxjtcfhxwe
2019-06-11 19:23:20.721 ERROR 8744 --- [   scheduling-1] c.t.f.FeedAggregatorApplication          : java.lang.IllegalStateException: virqouwkjpzkgkclyuxa
2019-06-11 19:23:20.821 ERROR 8744 --- [   scheduling-1] c.t.f.FeedAggregatorApplication          : java.lang.RuntimeException: wirrnrudzfcftrtrscsv
2019-06-11 19:23:20.920 ERROR 8744 --- [   scheduling-1] c.t.f.FeedAggregatorApplication          : java.lang.RuntimeException: iwwlvogrzeeganckeclm
2019-06-11 19:23:21.021 ERROR 8744 --- [   scheduling-1] c.t.f.FeedAggregatorApplication          : java.lang.RuntimeException: sdtoihvftsugdkbhqboj
2019-06-11 19:23:21.120 ERROR 8744 --- [   scheduling-1] c.t.f.FeedAggregatorApplication          : java.lang.RuntimeException: sfripojhlvexpmtrgole
2019-06-11 19:23:21.220 ERROR 8744 --- [   scheduling-1] c.t.f.FeedAggregatorApplication          : java.lang.IllegalArgumentException: ttqihsqxosgrjxqfzaws
2019-06-11 19:23:21.321 ERROR 8744 --- [   scheduling-1] c.t.f.FeedAggregatorApplication          : java.lang.IllegalStateException: omyduounbacpkzwkpmhr
2019-06-11 19:23:21.420 ERROR 8744 --- [   scheduling-1] c.t.f.FeedAggregatorApplication          : java.lang.IllegalStateException: cttpgezpygfworqmfvlo
2019-06-11 19:23:21.520 ERROR 8744 --- [   scheduling-1] c.t.f.FeedAggregatorApplication          : java.lang.IllegalStateException: putbivfglppzybpmbwcw
2019-06-11 19:23:21.620 ERROR 8744 --- [   scheduling-1] c.t.f.FeedAggregatorApplication          : java.lang.RuntimeException: dauindvcrsvppnugtkbx
2019-06-11 19:23:21.721 ERROR 8744 --- [   scheduling-1] c.t.f.FeedAggregatorApplication          : java.lang.IllegalStateException: tzrenoswvzgeilroygcc
2019-06-11 19:23:21.819 ERROR 8744 --- [   scheduling-1] c.t.f.FeedAggregatorApplication          : java.lang.IllegalStateException: cxiwmvqasweahrtvnvjf
2019-06-11 19:23:21.920 ERROR 8744 --- [   scheduling-1] c.t.f.FeedAggregatorApplication          : java.lang.IllegalStateException: cgycoezyjbppteepsosi
2019-06-11 19:23:22.021 ERROR 8744 --- [   scheduling-1] c.t.f.FeedAggregatorApplication          : java.lang.RuntimeException: lmerbpqewqrertavnsra
2019-06-11 19:23:22.120 ERROR 8744 --- [   scheduling-1] c.t.f.FeedAggregatorApplication          : java.lang.IllegalStateException: xbihsuhkwcwbiwpmlgdr
2019-06-11 19:23:22.221 ERROR 8744 --- [   scheduling-1] c.t.f.FeedAggregatorApplication          : java.lang.IllegalArgumentException: ossdiilmonabllawohky
2019-06-11 19:23:22.320 ERROR 8744 --- [   scheduling-1] c.t.f.FeedAggregatorApplication          : java.lang.IllegalStateException: cbyeqzcluyudnogibhto
2019-06-11 19:23:22.419 ERROR 8744 --- [   scheduling-1] c.t.f.FeedAggregatorApplication          : java.lang.RuntimeException: iathxqhmlordbldihhcf
2019-06-11 19:23:22.520 ERROR 8744 --- [   scheduling-1] c.t.f.FeedAggregatorApplication          : java.lang.RuntimeException: jsyflfjaqzrhcfgcvlqm
2019-06-11 19:23:22.620 ERROR 8744 --- [   scheduling-1] c.t.f.FeedAggregatorApplication          : java.lang.IllegalStateException: jiijrdekvzxtxfxjgxfj
2019-06-11 19:23:22.720 ERROR 8744 --- [   scheduling-1] c.t.f.FeedAggregatorApplication          : java.lang.RuntimeException: ovdridwxhhoytfgekifz
2019-06-11 19:23:22.820 ERROR 8744 --- [   scheduling-1] c.t.f.FeedAggregatorApplication          : java.lang.IllegalStateException: jomgfndfncbfjalxsclc
2019-06-11 19:23:22.921 ERROR 8744 --- [   scheduling-1] c.t.f.FeedAggregatorApplication          : java.lang.IllegalStateException: spkugdlpcqxjvrkbrqhi
2019-06-11 19:23:22.999  INFO 8744 --- [   scheduling-1] o.s.integration.handler.LoggingHandler   : Persisting entry: FeedEntry(title=Early humans used northern migration routes to reach eastern Asia, uri=https://www.sciencedaily.com/releases/2019/05/190529145054.htm, publishedDate=Wed May 29 23:50:54 YEKT 2019)
2019-06-11 19:23:23.001  INFO 8744 --- [   scheduling-1] o.s.integration.handler.LoggingHandler   : Persisting entry: FeedEntry(title=Declining fertility rates may explain Neanderthal extinction, uri=https://www.sciencedaily.com/releases/2019/05/190529145057.htm, publishedDate=Wed May 29 23:50:57 YEKT 2019)
2019-06-11 19:23:23.002  INFO 8744 --- [   scheduling-1] o.s.integration.handler.LoggingHandler   : Persisting entry: FeedEntry(title=Earth recycles ocean floor into diamonds, uri=https://www.sciencedaily.com/releases/2019/05/190529145104.htm, publishedDate=Wed May 29 23:51:04 YEKT 2019)
2019-06-11 19:23:23.004  INFO 8744 --- [   scheduling-1] o.s.integration.handler.LoggingHandler   : Persisting entry: FeedEntry(title=Birds perceive 'warm' colors differently from 'cool' ones, uri=https://www.sciencedaily.com/releases/2019/05/190529145109.htm, publishedDate=Wed May 29 23:51:09 YEKT 2019)
2019-06-11 19:23:23.005  INFO 8744 --- [   scheduling-1] o.s.integration.handler.LoggingHandler   : Persisting entry: FeedEntry(title=A rose inspires smart way to collect and purify water, uri=https://www.sciencedaily.com/releases/2019/05/190529145144.htm, publishedDate=Wed May 29 23:51:44 YEKT 2019)
2019-06-11 19:23:23.006  INFO 8744 --- [   scheduling-1] o.s.integration.handler.LoggingHandler   : Persisting entry: FeedEntry(title=Beyond 1 and 0: Engineers boost potential for creating successor to shrinking transistors, uri=https://www.sciencedaily.com/releases/2019/05/190529180242.htm, publishedDate=Thu May 30 03:02:42 YEKT 2019)
2019-06-11 19:23:23.008  INFO 8744 --- [   scheduling-1] o.s.integration.handler.LoggingHandler   : Persisting entry: FeedEntry(title=New evidence links ultra-processed foods with a range of health risks, uri=https://www.sciencedaily.com/releases/2019/05/190529221040.htm, publishedDate=Thu May 30 07:10:40 YEKT 2019)
2019-06-11 19:23:23.009  INFO 8744 --- [   scheduling-1] o.s.integration.handler.LoggingHandler   : Persisting entry: FeedEntry(title=Edible insects? Lab-grown meat? The real future food is lab-grown insect meat, uri=https://www.sciencedaily.com/releases/2019/05/190530101136.htm, publishedDate=Thu May 30 19:11:36 YEKT 2019)
2019-06-11 19:23:23.011  INFO 8744 --- [   scheduling-1] o.s.integration.handler.LoggingHandler   : Persisting entry: FeedEntry(title=Research confirms gut-brain connection in autism, uri=https://www.sciencedaily.com/releases/2019/05/190530101143.htm, publishedDate=Thu May 30 19:11:43 YEKT 2019)
2019-06-11 19:23:23.012  INFO 8744 --- [   scheduling-1] o.s.integration.handler.LoggingHandler   : Persisting entry: FeedEntry(title=Circadian clocks: Body parts respond to day and night independently from brain, studies show, uri=https://www.sciencedaily.com/releases/2019/05/190530141443.htm, publishedDate=Thu May 30 23:14:43 YEKT 2019)
2019-06-11 19:23:23.021  INFO 8744 --- [   scheduling-1] o.s.integration.handler.LoggingHandler   : Persisting entry: FeedEntry(title=Fear and fervor propel Shanghai's tech board amid trade, Huawei tensions, uri=https://www.reuters.com/article/us-china-markets-techboard/fear-and-fervor-propel-shanghais-tech-board-amid-trade-huawei-tensions-idUSKCN1TC0B3?feedType=RSS&feedName=technologyNews, publishedDate=Tue Jun 11 15:00:18 YEKT 2019)
2019-06-11 19:23:23.022  INFO 8744 --- [   scheduling-1] o.s.integration.handler.LoggingHandler   : Persisting entry: FeedEntry(title=Factbox: Some of the biggest candidates for Shanghai's new tech board, uri=https://www.reuters.com/article/us-china-markets-techboard-candidates-fa/factbox-some-of-the-biggest-candidates-for-shanghais-new-tech-board-idUSKCN1TC0BS?feedType=RSS&feedName=technologyNews, publishedDate=Tue Jun 11 15:00:18 YEKT 2019)
2019-06-11 19:23:23.024  INFO 8744 --- [   scheduling-1] o.s.integration.handler.LoggingHandler   : Persisting entry: FeedEntry(title=Ford denies it is in the self-driving slow lane, uri=https://www.reuters.com/article/us-ford-motor-autonomous/ford-denies-it-is-in-the-self-driving-slow-lane-idUSKCN1TC0ZY?feedType=RSS&feedName=technologyNews, publishedDate=Tue Jun 11 15:39:57 YEKT 2019)
2019-06-11 19:23:23.025  INFO 8744 --- [   scheduling-1] o.s.integration.handler.LoggingHandler   : Persisting entry: FeedEntry(title=Exclusive: Top Japanese chip gear firm to honor U.S. blacklist of Chinese firms - executive, uri=https://www.reuters.com/article/us-usa-trade-china-semiconductors-exclus/exclusive-top-japanese-chip-gear-firm-to-honor-u-s-blacklist-of-chinese-firms-executive-idUSKCN1TC0H6?feedType=RSS&feedName=technologyNews, publishedDate=Tue Jun 11 15:44:45 YEKT 2019)
2019-06-11 19:23:23.027  INFO 8744 --- [   scheduling-1] o.s.integration.handler.LoggingHandler   : Persisting entry: FeedEntry(title=First stop Southeast Asia: SoftBank, Toyota's autonomous car venture heads overseas, uri=https://www.reuters.com/article/us-softbank-toyota-monet-autonomous/first-stop-southeast-asia-softbank-toyotas-autonomous-car-venture-heads-overseas-idUSKCN1TC0ZK?feedType=RSS&feedName=technologyNews, publishedDate=Tue Jun 11 16:33:01 YEKT 2019)
2019-06-11 19:23:23.028  INFO 8744 --- [   scheduling-1] o.s.integration.handler.LoggingHandler   : Persisting entry: FeedEntry(title=Foxconn has enough capacity outside China to meet Apple's U.S. demand, uri=https://www.reuters.com/article/us-foxconn-chairman/foxconn-has-enough-capacity-outside-china-to-meet-apples-u-s-demand-idUSKCN1TC0I0?feedType=RSS&feedName=technologyNews, publishedDate=Tue Jun 11 16:37:18 YEKT 2019)
2019-06-11 19:23:23.029  INFO 8744 --- [   scheduling-1] o.s.integration.handler.LoggingHandler   : Persisting entry: FeedEntry(title=Senator Warren urges antitrust chief to recuse himself from Google, Apple probes, uri=https://www.reuters.com/article/us-tech-antitrust-warren/senator-warren-urges-antitrust-chief-to-recuse-himself-from-google-apple-probes-idUSKCN1TC1H9?feedType=RSS&feedName=technologyNews, publishedDate=Tue Jun 11 17:49:59 YEKT 2019)
2019-06-11 19:23:23.030  INFO 8744 --- [   scheduling-1] o.s.integration.handler.LoggingHandler   : Persisting entry: FeedEntry(title=New chip to let headphones respond to Amazon's Alexa by name, uri=https://www.reuters.com/article/us-knowles-tech-amazon-com/new-chip-to-let-headphones-respond-to-amazons-alexa-by-name-idUSKCN1TC1J9?feedType=RSS&feedName=technologyNews, publishedDate=Tue Jun 11 18:15:17 YEKT 2019)
2019-06-11 19:23:23.031  INFO 8744 --- [   scheduling-1] o.s.integration.handler.LoggingHandler   : Persisting entry: FeedEntry(title=Factbox: Global tech companies shun Huawei after U.S. ban, uri=https://www.reuters.com/article/us-huawei-suppliers-factbox/factbox-global-tech-companies-shun-huawei-after-u-s-ban-idUSKCN1TC1KW?feedType=RSS&feedName=technologyNews, publishedDate=Tue Jun 11 18:45:56 YEKT 2019)
2019-06-11 19:23:23.032  INFO 8744 --- [   scheduling-1] o.s.integration.handler.LoggingHandler   : Persisting entry: FeedEntry(title=Apple cancels plans for second data center in Denmark, uri=https://www.reuters.com/article/us-apple-denmark/apple-cancels-plans-for-second-data-center-in-denmark-idUSKCN1TC1PW?feedType=RSS&feedName=technologyNews, publishedDate=Tue Jun 11 19:11:10 YEKT 2019)
2019-06-11 19:23:23.033 ERROR 8744 --- [   scheduling-1] c.t.f.FeedAggregatorApplication          : java.lang.RuntimeException: scfrzxkzykceuopiufxi
2019-06-11 19:23:23.120 ERROR 8744 --- [   scheduling-1] c.t.f.FeedAggregatorApplication          : java.lang.IllegalArgumentException: kxwtftylnalfgefitcem
2019-06-11 19:23:23.221 ERROR 8744 --- [   scheduling-1] c.t.f.FeedAggregatorApplication          : java.lang.IllegalStateException: bdbzvldikqhdrzipfwxq
2019-06-11 19:23:23.321 ERROR 8744 --- [   scheduling-1] c.t.f.FeedAggregatorApplication          : java.lang.RuntimeException: bhjaytcilbimeydarjcq
2019-06-11 19:23:23.420 ERROR 8744 --- [   scheduling-1] c.t.f.FeedAggregatorApplication          : java.lang.IllegalStateException: cmfxczpofnnreeakqdtb
2019-06-11 19:23:23.520 ERROR 8744 --- [   scheduling-1] c.t.f.FeedAggregatorApplication          : java.lang.RuntimeException: lxmhujbhflkjtkexoadk
2019-06-11 19:23:23.620 ERROR 8744 --- [   scheduling-1] c.t.f.FeedAggregatorApplication          : java.lang.IllegalStateException: bxcizethwlltavifcujn
2019-06-11 19:23:23.719 ERROR 8744 --- [   scheduling-1] c.t.f.FeedAggregatorApplication          : java.lang.IllegalStateException: vrkedtygqrszdzhiurit
2019-06-11 19:23:23.819 ERROR 8744 --- [   scheduling-1] c.t.f.FeedAggregatorApplication          : java.lang.IllegalArgumentException: ldvuplqrmycukzewhpyk
2019-06-11 19:23:23.920 ERROR 8744 --- [   scheduling-1] c.t.f.FeedAggregatorApplication          : java.lang.RuntimeException: ftmjprqoeienatnqsxfb
2019-06-11 19:23:24.019 ERROR 8744 --- [   scheduling-1] c.t.f.FeedAggregatorApplication          : java.lang.RuntimeException: tvalfvivedcwtlwloizb
2019-06-11 19:23:24.120 ERROR 8744 --- [   scheduling-1] c.t.f.FeedAggregatorApplication          : java.lang.IllegalStateException: zxgncbipcmyilhogzttp
2019-06-11 19:23:24.220 ERROR 8744 --- [   scheduling-1] c.t.f.FeedAggregatorApplication          : java.lang.IllegalStateException: hbztbdepmmbxwrfbibdg
2019-06-11 19:23:24.320 ERROR 8744 --- [   scheduling-1] c.t.f.FeedAggregatorApplication          : java.lang.IllegalStateException: mmoywforolnxpykptnyi
2019-06-11 19:23:24.420 ERROR 8744 --- [   scheduling-1] c.t.f.FeedAggregatorApplication          : java.lang.IllegalStateException: spxwqblwepuuiqovuekl
2019-06-11 19:23:24.520 ERROR 8744 --- [   scheduling-1] c.t.f.FeedAggregatorApplication          : java.lang.IllegalStateException: ygfggcqmpwvnifvyrxwm
2019-06-11 19:23:24.621 ERROR 8744 --- [   scheduling-1] c.t.f.FeedAggregatorApplication          : java.lang.IllegalStateException: vadkawdlqtabjffnjbee
2019-06-11 19:23:24.719 ERROR 8744 --- [   scheduling-1] c.t.f.FeedAggregatorApplication          : java.lang.IllegalStateException: kgzbqtcsagdrcwfjogkt
2019-06-11 19:23:24.819 ERROR 8744 --- [   scheduling-1] c.t.f.FeedAggregatorApplication          : java.lang.IllegalStateException: lukzbufkctoyptqgkkor
2019-06-11 19:23:24.920 ERROR 8744 --- [   scheduling-1] c.t.f.FeedAggregatorApplication          : java.lang.IllegalStateException: tynpbvbrtpygpqubmbqx
